---------------------------------------------------------------
[ 2018-05-23T23:40:45+08:00 ] 127.0.0.1 GET /tp5/public/index/regeister
[ info ] 127.0.0.1/tp5/public/index/regeister [运行时间：0.020730s][吞吐率：48.24req/s] [内存消耗：1,810.38kb] [文件加载：44]
[ info ] [ LANG ] /opt/lampp/htdocs/tp5/thinkphp/lang/zh-cn.php
[ info ] [ ROUTE ] array (
  'type' => 'module',
  'module' => 
  array (
    0 => 'index',
    1 => 'regeister',
    2 => NULL,
  ),
)
[ info ] [ HEADER ] array (
  'host' => '127.0.0.1',
  'connection' => 'keep-alive',
  'cache-control' => 'max-age=0',
  'user-agent' => 'Mozilla/5.0 (X11; Linux x86_64) AppleWebKit/537.36 (KHTML, like Gecko) Chrome/63.0.3239.132 Safari/537.36',
  'upgrade-insecure-requests' => '1',
  'accept' => 'text/html,application/xhtml+xml,application/xml;q=0.9,image/webp,image/apng,*/*;q=0.8',
  'referer' => 'http://127.0.0.1/tp5/public/index/login/index.html',
  'accept-encoding' => 'gzip, deflate, br',
  'accept-language' => 'zh-CN,zh;q=0.9',
  'cookie' => 'PHPSESSID=5ee6543037211a7e7837870233b92df0; user_id=1003; username=admin',
)
[ info ] [ PARAM ] array (
)
[ info ] [ RUN ] app\index\controller\Regeister->index[ /opt/lampp/htdocs/tp5/application/index/controller/Regeister.php ]
[ info ] [ VIEW ] /opt/lampp/htdocs/tp5/public/../application/index/view/regeister/index.html [ array (
) ]
[ info ] [ LOG ] INIT File
---------------------------------------------------------------
[ 2018-05-23T23:40:45+08:00 ] 127.0.0.1 GET /tp5/public/index/regeister
[ info ] 127.0.0.1/tp5/public/index/regeister [运行时间：0.014541s][吞吐率：68.77req/s] [内存消耗：1,597.59kb] [文件加载：42]
[ info ] [ LANG ] /opt/lampp/htdocs/tp5/thinkphp/lang/zh-cn.php
[ info ] [ ROUTE ] array (
  'type' => 'module',
  'module' => 
  array (
    0 => 'index',
    1 => 'regeister',
    2 => NULL,
  ),
)
[ info ] [ HEADER ] array (
  'host' => '127.0.0.1',
  'connection' => 'keep-alive',
  'user-agent' => 'Mozilla/5.0 (X11; Linux x86_64) AppleWebKit/537.36 (KHTML, like Gecko) Chrome/63.0.3239.132 Safari/537.36',
  'accept' => 'image/webp,image/apng,image/*,*/*;q=0.8',
  'referer' => 'http://127.0.0.1/tp5/public/index/regeister',
  'accept-encoding' => 'gzip, deflate, br',
  'accept-language' => 'zh-CN,zh;q=0.9',
  'cookie' => 'PHPSESSID=5ee6543037211a7e7837870233b92df0; user_id=1003; username=admin',
)
[ info ] [ PARAM ] array (
)
[ info ] [ RUN ] app\index\controller\Regeister->index[ /opt/lampp/htdocs/tp5/application/index/controller/Regeister.php ]
[ info ] [ VIEW ] /opt/lampp/htdocs/tp5/public/../application/index/view/regeister/index.html [ array (
) ]
[ info ] [ LOG ] INIT File
---------------------------------------------------------------
[ 2018-05-23T23:46:38+08:00 ] 127.0.0.1 GET /tp5/public/index/regeister
[ info ] 127.0.0.1/tp5/public/index/regeister [运行时间：0.022690s][吞吐率：44.07req/s] [内存消耗：1,599.32kb] [文件加载：42]
[ info ] [ LANG ] /opt/lampp/htdocs/tp5/thinkphp/lang/zh-cn.php
[ info ] [ ROUTE ] array (
  'type' => 'module',
  'module' => 
  array (
    0 => 'index',
    1 => 'regeister',
    2 => NULL,
  ),
)
[ info ] [ HEADER ] array (
  'host' => '127.0.0.1',
  'connection' => 'keep-alive',
  'cache-control' => 'max-age=0',
  'user-agent' => 'Mozilla/5.0 (X11; Linux x86_64) AppleWebKit/537.36 (KHTML, like Gecko) Chrome/63.0.3239.132 Safari/537.36',
  'upgrade-insecure-requests' => '1',
  'accept' => 'text/html,application/xhtml+xml,application/xml;q=0.9,image/webp,image/apng,*/*;q=0.8',
  'referer' => 'http://127.0.0.1/tp5/public/index/login/index.html',
  'accept-encoding' => 'gzip, deflate, br',
  'accept-language' => 'zh-CN,zh;q=0.9',
  'cookie' => 'PHPSESSID=5ee6543037211a7e7837870233b92df0; user_id=1003; username=admin',
)
[ info ] [ PARAM ] array (
)
[ info ] [ RUN ] app\index\controller\Regeister->index[ /opt/lampp/htdocs/tp5/application/index/controller/Regeister.php ]
[ info ] [ VIEW ] /opt/lampp/htdocs/tp5/public/../application/index/view/regeister/index.html [ array (
) ]
[ info ] [ LOG ] INIT File
---------------------------------------------------------------
[ 2018-05-23T23:46:38+08:00 ] 127.0.0.1 GET /tp5/public/index/regeister
[ info ] 127.0.0.1/tp5/public/index/regeister [运行时间：0.025506s][吞吐率：39.21req/s] [内存消耗：1,598.23kb] [文件加载：42]
[ info ] [ LANG ] /opt/lampp/htdocs/tp5/thinkphp/lang/zh-cn.php
[ info ] [ ROUTE ] array (
  'type' => 'module',
  'module' => 
  array (
    0 => 'index',
    1 => 'regeister',
    2 => NULL,
  ),
)
[ info ] [ HEADER ] array (
  'host' => '127.0.0.1',
  'connection' => 'keep-alive',
  'user-agent' => 'Mozilla/5.0 (X11; Linux x86_64) AppleWebKit/537.36 (KHTML, like Gecko) Chrome/63.0.3239.132 Safari/537.36',
  'accept' => 'image/webp,image/apng,image/*,*/*;q=0.8',
  'referer' => 'http://127.0.0.1/tp5/public/index/regeister',
  'accept-encoding' => 'gzip, deflate, br',
  'accept-language' => 'zh-CN,zh;q=0.9',
  'cookie' => 'PHPSESSID=5ee6543037211a7e7837870233b92df0; user_id=1003; username=admin',
)
[ info ] [ PARAM ] array (
)
[ info ] [ RUN ] app\index\controller\Regeister->index[ /opt/lampp/htdocs/tp5/application/index/controller/Regeister.php ]
[ info ] [ VIEW ] /opt/lampp/htdocs/tp5/public/../application/index/view/regeister/index.html [ array (
) ]
[ info ] [ LOG ] INIT File
---------------------------------------------------------------
[ 2018-05-23T23:49:20+08:00 ] 127.0.0.1 GET /tp5/public/index/regeister
[ info ] 127.0.0.1/tp5/public/index/regeister [运行时间：0.023047s][吞吐率：43.39req/s] [内存消耗：1,810.99kb] [文件加载：44]
[ info ] [ LANG ] /opt/lampp/htdocs/tp5/thinkphp/lang/zh-cn.php
[ info ] [ ROUTE ] array (
  'type' => 'module',
  'module' => 
  array (
    0 => 'index',
    1 => 'regeister',
    2 => NULL,
  ),
)
[ info ] [ HEADER ] array (
  'host' => '127.0.0.1',
  'connection' => 'keep-alive',
  'cache-control' => 'max-age=0',
  'user-agent' => 'Mozilla/5.0 (X11; Linux x86_64) AppleWebKit/537.36 (KHTML, like Gecko) Chrome/63.0.3239.132 Safari/537.36',
  'upgrade-insecure-requests' => '1',
  'accept' => 'text/html,application/xhtml+xml,application/xml;q=0.9,image/webp,image/apng,*/*;q=0.8',
  'referer' => 'http://127.0.0.1/tp5/public/index/login/index.html',
  'accept-encoding' => 'gzip, deflate, br',
  'accept-language' => 'zh-CN,zh;q=0.9',
  'cookie' => 'PHPSESSID=5ee6543037211a7e7837870233b92df0; user_id=1003; username=admin',
)
[ info ] [ PARAM ] array (
)
[ info ] [ RUN ] app\index\controller\Regeister->index[ /opt/lampp/htdocs/tp5/application/index/controller/Regeister.php ]
[ info ] [ VIEW ] /opt/lampp/htdocs/tp5/public/../application/index/view/regeister/index.html [ array (
) ]
[ info ] [ LOG ] INIT File
---------------------------------------------------------------
[ 2018-05-23T23:49:20+08:00 ] 127.0.0.1 GET /tp5/public/index/regeister
[ info ] 127.0.0.1/tp5/public/index/regeister [运行时间：0.015593s][吞吐率：64.13req/s] [内存消耗：1,598.23kb] [文件加载：42]
[ info ] [ LANG ] /opt/lampp/htdocs/tp5/thinkphp/lang/zh-cn.php
[ info ] [ ROUTE ] array (
  'type' => 'module',
  'module' => 
  array (
    0 => 'index',
    1 => 'regeister',
    2 => NULL,
  ),
)
[ info ] [ HEADER ] array (
  'host' => '127.0.0.1',
  'connection' => 'keep-alive',
  'user-agent' => 'Mozilla/5.0 (X11; Linux x86_64) AppleWebKit/537.36 (KHTML, like Gecko) Chrome/63.0.3239.132 Safari/537.36',
  'accept' => 'image/webp,image/apng,image/*,*/*;q=0.8',
  'referer' => 'http://127.0.0.1/tp5/public/index/regeister',
  'accept-encoding' => 'gzip, deflate, br',
  'accept-language' => 'zh-CN,zh;q=0.9',
  'cookie' => 'PHPSESSID=5ee6543037211a7e7837870233b92df0; user_id=1003; username=admin',
)
[ info ] [ PARAM ] array (
)
[ info ] [ RUN ] app\index\controller\Regeister->index[ /opt/lampp/htdocs/tp5/application/index/controller/Regeister.php ]
[ info ] [ VIEW ] /opt/lampp/htdocs/tp5/public/../application/index/view/regeister/index.html [ array (
) ]
[ info ] [ LOG ] INIT File
---------------------------------------------------------------
[ 2018-05-23T23:49:34+08:00 ] 127.0.0.1 GET /tp5/public/index/regeister
[ info ] 127.0.0.1/tp5/public/index/regeister [运行时间：0.023564s][吞吐率：42.44req/s] [内存消耗：1,810.99kb] [文件加载：44]
[ info ] [ LANG ] /opt/lampp/htdocs/tp5/thinkphp/lang/zh-cn.php
[ info ] [ ROUTE ] array (
  'type' => 'module',
  'module' => 
  array (
    0 => 'index',
    1 => 'regeister',
    2 => NULL,
  ),
)
[ info ] [ HEADER ] array (
  'host' => '127.0.0.1',
  'connection' => 'keep-alive',
  'cache-control' => 'max-age=0',
  'user-agent' => 'Mozilla/5.0 (X11; Linux x86_64) AppleWebKit/537.36 (KHTML, like Gecko) Chrome/63.0.3239.132 Safari/537.36',
  'upgrade-insecure-requests' => '1',
  'accept' => 'text/html,application/xhtml+xml,application/xml;q=0.9,image/webp,image/apng,*/*;q=0.8',
  'referer' => 'http://127.0.0.1/tp5/public/index/login/index.html',
  'accept-encoding' => 'gzip, deflate, br',
  'accept-language' => 'zh-CN,zh;q=0.9',
  'cookie' => 'PHPSESSID=5ee6543037211a7e7837870233b92df0; user_id=1003; username=admin',
)
[ info ] [ PARAM ] array (
)
[ info ] [ RUN ] app\index\controller\Regeister->index[ /opt/lampp/htdocs/tp5/application/index/controller/Regeister.php ]
[ info ] [ VIEW ] /opt/lampp/htdocs/tp5/public/../application/index/view/regeister/index.html [ array (
) ]
[ info ] [ LOG ] INIT File
---------------------------------------------------------------
[ 2018-05-23T23:49:34+08:00 ] 127.0.0.1 GET /tp5/public/index/regeister
[ info ] 127.0.0.1/tp5/public/index/regeister [运行时间：0.020120s][吞吐率：49.70req/s] [内存消耗：1,598.23kb] [文件加载：42]
[ info ] [ LANG ] /opt/lampp/htdocs/tp5/thinkphp/lang/zh-cn.php
[ info ] [ ROUTE ] array (
  'type' => 'module',
  'module' => 
  array (
    0 => 'index',
    1 => 'regeister',
    2 => NULL,
  ),
)
[ info ] [ HEADER ] array (
  'host' => '127.0.0.1',
  'connection' => 'keep-alive',
  'user-agent' => 'Mozilla/5.0 (X11; Linux x86_64) AppleWebKit/537.36 (KHTML, like Gecko) Chrome/63.0.3239.132 Safari/537.36',
  'accept' => 'image/webp,image/apng,image/*,*/*;q=0.8',
  'referer' => 'http://127.0.0.1/tp5/public/index/regeister',
  'accept-encoding' => 'gzip, deflate, br',
  'accept-language' => 'zh-CN,zh;q=0.9',
  'cookie' => 'PHPSESSID=5ee6543037211a7e7837870233b92df0; user_id=1003; username=admin',
)
[ info ] [ PARAM ] array (
)
[ info ] [ RUN ] app\index\controller\Regeister->index[ /opt/lampp/htdocs/tp5/application/index/controller/Regeister.php ]
[ info ] [ VIEW ] /opt/lampp/htdocs/tp5/public/../application/index/view/regeister/index.html [ array (
) ]
[ info ] [ LOG ] INIT File
---------------------------------------------------------------
[ 2018-05-23T23:49:44+08:00 ] 127.0.0.1 GET /tp5/public/index/regeister
[ info ] 127.0.0.1/tp5/public/index/regeister [运行时间：0.019426s][吞吐率：51.48req/s] [内存消耗：1,810.99kb] [文件加载：44]
[ info ] [ LANG ] /opt/lampp/htdocs/tp5/thinkphp/lang/zh-cn.php
[ info ] [ ROUTE ] array (
  'type' => 'module',
  'module' => 
  array (
    0 => 'index',
    1 => 'regeister',
    2 => NULL,
  ),
)
[ info ] [ HEADER ] array (
  'host' => '127.0.0.1',
  'connection' => 'keep-alive',
  'cache-control' => 'max-age=0',
  'user-agent' => 'Mozilla/5.0 (X11; Linux x86_64) AppleWebKit/537.36 (KHTML, like Gecko) Chrome/63.0.3239.132 Safari/537.36',
  'upgrade-insecure-requests' => '1',
  'accept' => 'text/html,application/xhtml+xml,application/xml;q=0.9,image/webp,image/apng,*/*;q=0.8',
  'referer' => 'http://127.0.0.1/tp5/public/index/login/index.html',
  'accept-encoding' => 'gzip, deflate, br',
  'accept-language' => 'zh-CN,zh;q=0.9',
  'cookie' => 'PHPSESSID=5ee6543037211a7e7837870233b92df0; user_id=1003; username=admin',
)
[ info ] [ PARAM ] array (
)
[ info ] [ RUN ] app\index\controller\Regeister->index[ /opt/lampp/htdocs/tp5/application/index/controller/Regeister.php ]
[ info ] [ VIEW ] /opt/lampp/htdocs/tp5/public/../application/index/view/regeister/index.html [ array (
) ]
[ info ] [ LOG ] INIT File
---------------------------------------------------------------
[ 2018-05-23T23:49:44+08:00 ] 127.0.0.1 GET /tp5/public/index/regeister
[ info ] 127.0.0.1/tp5/public/index/regeister [运行时间：0.017375s][吞吐率：57.55req/s] [内存消耗：1,598.23kb] [文件加载：42]
[ info ] [ LANG ] /opt/lampp/htdocs/tp5/thinkphp/lang/zh-cn.php
[ info ] [ ROUTE ] array (
  'type' => 'module',
  'module' => 
  array (
    0 => 'index',
    1 => 'regeister',
    2 => NULL,
  ),
)
[ info ] [ HEADER ] array (
  'host' => '127.0.0.1',
  'connection' => 'keep-alive',
  'user-agent' => 'Mozilla/5.0 (X11; Linux x86_64) AppleWebKit/537.36 (KHTML, like Gecko) Chrome/63.0.3239.132 Safari/537.36',
  'accept' => 'image/webp,image/apng,image/*,*/*;q=0.8',
  'referer' => 'http://127.0.0.1/tp5/public/index/regeister',
  'accept-encoding' => 'gzip, deflate, br',
  'accept-language' => 'zh-CN,zh;q=0.9',
  'cookie' => 'PHPSESSID=5ee6543037211a7e7837870233b92df0; user_id=1003; username=admin',
)
[ info ] [ PARAM ] array (
)
[ info ] [ RUN ] app\index\controller\Regeister->index[ /opt/lampp/htdocs/tp5/application/index/controller/Regeister.php ]
[ info ] [ VIEW ] /opt/lampp/htdocs/tp5/public/../application/index/view/regeister/index.html [ array (
) ]
[ info ] [ LOG ] INIT File
---------------------------------------------------------------
[ 2018-05-23T23:49:59+08:00 ] 127.0.0.1 GET /tp5/public/index/regeister
[ info ] 127.0.0.1/tp5/public/index/regeister [运行时间：0.020727s][吞吐率：48.25req/s] [内存消耗：1,810.99kb] [文件加载：44]
[ info ] [ LANG ] /opt/lampp/htdocs/tp5/thinkphp/lang/zh-cn.php
[ info ] [ ROUTE ] array (
  'type' => 'module',
  'module' => 
  array (
    0 => 'index',
    1 => 'regeister',
    2 => NULL,
  ),
)
[ info ] [ HEADER ] array (
  'host' => '127.0.0.1',
  'connection' => 'keep-alive',
  'cache-control' => 'max-age=0',
  'user-agent' => 'Mozilla/5.0 (X11; Linux x86_64) AppleWebKit/537.36 (KHTML, like Gecko) Chrome/63.0.3239.132 Safari/537.36',
  'upgrade-insecure-requests' => '1',
  'accept' => 'text/html,application/xhtml+xml,application/xml;q=0.9,image/webp,image/apng,*/*;q=0.8',
  'referer' => 'http://127.0.0.1/tp5/public/index/login/index.html',
  'accept-encoding' => 'gzip, deflate, br',
  'accept-language' => 'zh-CN,zh;q=0.9',
  'cookie' => 'PHPSESSID=5ee6543037211a7e7837870233b92df0; user_id=1003; username=admin',
)
[ info ] [ PARAM ] array (
)
[ info ] [ RUN ] app\index\controller\Regeister->index[ /opt/lampp/htdocs/tp5/application/index/controller/Regeister.php ]
[ info ] [ VIEW ] /opt/lampp/htdocs/tp5/public/../application/index/view/regeister/index.html [ array (
) ]
[ info ] [ LOG ] INIT File
---------------------------------------------------------------
[ 2018-05-23T23:49:59+08:00 ] 127.0.0.1 GET /tp5/public/index/regeister
[ info ] 127.0.0.1/tp5/public/index/regeister [运行时间：0.022088s][吞吐率：45.27req/s] [内存消耗：1,598.23kb] [文件加载：42]
[ info ] [ LANG ] /opt/lampp/htdocs/tp5/thinkphp/lang/zh-cn.php
[ info ] [ ROUTE ] array (
  'type' => 'module',
  'module' => 
  array (
    0 => 'index',
    1 => 'regeister',
    2 => NULL,
  ),
)
[ info ] [ HEADER ] array (
  'host' => '127.0.0.1',
  'connection' => 'keep-alive',
  'user-agent' => 'Mozilla/5.0 (X11; Linux x86_64) AppleWebKit/537.36 (KHTML, like Gecko) Chrome/63.0.3239.132 Safari/537.36',
  'accept' => 'image/webp,image/apng,image/*,*/*;q=0.8',
  'referer' => 'http://127.0.0.1/tp5/public/index/regeister',
  'accept-encoding' => 'gzip, deflate, br',
  'accept-language' => 'zh-CN,zh;q=0.9',
  'cookie' => 'PHPSESSID=5ee6543037211a7e7837870233b92df0; user_id=1003; username=admin',
)
[ info ] [ PARAM ] array (
)
[ info ] [ RUN ] app\index\controller\Regeister->index[ /opt/lampp/htdocs/tp5/application/index/controller/Regeister.php ]
[ info ] [ VIEW ] /opt/lampp/htdocs/tp5/public/../application/index/view/regeister/index.html [ array (
) ]
[ info ] [ LOG ] INIT File
---------------------------------------------------------------
[ 2018-05-23T23:50:13+08:00 ] 127.0.0.1 GET /tp5/public/index/regeister
[ info ] 127.0.0.1/tp5/public/index/regeister [运行时间：0.021095s][吞吐率：47.40req/s] [内存消耗：1,810.99kb] [文件加载：44]
[ info ] [ LANG ] /opt/lampp/htdocs/tp5/thinkphp/lang/zh-cn.php
[ info ] [ ROUTE ] array (
  'type' => 'module',
  'module' => 
  array (
    0 => 'index',
    1 => 'regeister',
    2 => NULL,
  ),
)
[ info ] [ HEADER ] array (
  'host' => '127.0.0.1',
  'connection' => 'keep-alive',
  'cache-control' => 'max-age=0',
  'user-agent' => 'Mozilla/5.0 (X11; Linux x86_64) AppleWebKit/537.36 (KHTML, like Gecko) Chrome/63.0.3239.132 Safari/537.36',
  'upgrade-insecure-requests' => '1',
  'accept' => 'text/html,application/xhtml+xml,application/xml;q=0.9,image/webp,image/apng,*/*;q=0.8',
  'referer' => 'http://127.0.0.1/tp5/public/index/login/index.html',
  'accept-encoding' => 'gzip, deflate, br',
  'accept-language' => 'zh-CN,zh;q=0.9',
  'cookie' => 'PHPSESSID=5ee6543037211a7e7837870233b92df0; user_id=1003; username=admin',
)
[ info ] [ PARAM ] array (
)
[ info ] [ RUN ] app\index\controller\Regeister->index[ /opt/lampp/htdocs/tp5/application/index/controller/Regeister.php ]
[ info ] [ VIEW ] /opt/lampp/htdocs/tp5/public/../application/index/view/regeister/index.html [ array (
) ]
[ info ] [ LOG ] INIT File
---------------------------------------------------------------
[ 2018-05-23T23:50:13+08:00 ] 127.0.0.1 GET /tp5/public/index/regeister
[ info ] 127.0.0.1/tp5/public/index/regeister [运行时间：0.016149s][吞吐率：61.92req/s] [内存消耗：1,598.23kb] [文件加载：42]
[ info ] [ LANG ] /opt/lampp/htdocs/tp5/thinkphp/lang/zh-cn.php
[ info ] [ ROUTE ] array (
  'type' => 'module',
  'module' => 
  array (
    0 => 'index',
    1 => 'regeister',
    2 => NULL,
  ),
)
[ info ] [ HEADER ] array (
  'host' => '127.0.0.1',
  'connection' => 'keep-alive',
  'user-agent' => 'Mozilla/5.0 (X11; Linux x86_64) AppleWebKit/537.36 (KHTML, like Gecko) Chrome/63.0.3239.132 Safari/537.36',
  'accept' => 'image/webp,image/apng,image/*,*/*;q=0.8',
  'referer' => 'http://127.0.0.1/tp5/public/index/regeister',
  'accept-encoding' => 'gzip, deflate, br',
  'accept-language' => 'zh-CN,zh;q=0.9',
  'cookie' => 'PHPSESSID=5ee6543037211a7e7837870233b92df0; user_id=1003; username=admin',
)
[ info ] [ PARAM ] array (
)
[ info ] [ RUN ] app\index\controller\Regeister->index[ /opt/lampp/htdocs/tp5/application/index/controller/Regeister.php ]
[ info ] [ VIEW ] /opt/lampp/htdocs/tp5/public/../application/index/view/regeister/index.html [ array (
) ]
[ info ] [ LOG ] INIT File
---------------------------------------------------------------
[ 2018-05-23T23:50:24+08:00 ] 127.0.0.1 GET /tp5/public/index/regeister
[ info ] 127.0.0.1/tp5/public/index/regeister [运行时间：0.018878s][吞吐率：52.97req/s] [内存消耗：1,810.99kb] [文件加载：44]
[ info ] [ LANG ] /opt/lampp/htdocs/tp5/thinkphp/lang/zh-cn.php
[ info ] [ ROUTE ] array (
  'type' => 'module',
  'module' => 
  array (
    0 => 'index',
    1 => 'regeister',
    2 => NULL,
  ),
)
[ info ] [ HEADER ] array (
  'host' => '127.0.0.1',
  'connection' => 'keep-alive',
  'cache-control' => 'max-age=0',
  'user-agent' => 'Mozilla/5.0 (X11; Linux x86_64) AppleWebKit/537.36 (KHTML, like Gecko) Chrome/63.0.3239.132 Safari/537.36',
  'upgrade-insecure-requests' => '1',
  'accept' => 'text/html,application/xhtml+xml,application/xml;q=0.9,image/webp,image/apng,*/*;q=0.8',
  'referer' => 'http://127.0.0.1/tp5/public/index/login/index.html',
  'accept-encoding' => 'gzip, deflate, br',
  'accept-language' => 'zh-CN,zh;q=0.9',
  'cookie' => 'PHPSESSID=5ee6543037211a7e7837870233b92df0; user_id=1003; username=admin',
)
[ info ] [ PARAM ] array (
)
[ info ] [ RUN ] app\index\controller\Regeister->index[ /opt/lampp/htdocs/tp5/application/index/controller/Regeister.php ]
[ info ] [ VIEW ] /opt/lampp/htdocs/tp5/public/../application/index/view/regeister/index.html [ array (
) ]
[ info ] [ LOG ] INIT File
---------------------------------------------------------------
[ 2018-05-23T23:50:24+08:00 ] 127.0.0.1 GET /tp5/public/index/regeister
[ info ] 127.0.0.1/tp5/public/index/regeister [运行时间：0.016292s][吞吐率：61.38req/s] [内存消耗：1,598.23kb] [文件加载：42]
[ info ] [ LANG ] /opt/lampp/htdocs/tp5/thinkphp/lang/zh-cn.php
[ info ] [ ROUTE ] array (
  'type' => 'module',
  'module' => 
  array (
    0 => 'index',
    1 => 'regeister',
    2 => NULL,
  ),
)
[ info ] [ HEADER ] array (
  'host' => '127.0.0.1',
  'connection' => 'keep-alive',
  'user-agent' => 'Mozilla/5.0 (X11; Linux x86_64) AppleWebKit/537.36 (KHTML, like Gecko) Chrome/63.0.3239.132 Safari/537.36',
  'accept' => 'image/webp,image/apng,image/*,*/*;q=0.8',
  'referer' => 'http://127.0.0.1/tp5/public/index/regeister',
  'accept-encoding' => 'gzip, deflate, br',
  'accept-language' => 'zh-CN,zh;q=0.9',
  'cookie' => 'PHPSESSID=5ee6543037211a7e7837870233b92df0; user_id=1003; username=admin',
)
[ info ] [ PARAM ] array (
)
[ info ] [ RUN ] app\index\controller\Regeister->index[ /opt/lampp/htdocs/tp5/application/index/controller/Regeister.php ]
[ info ] [ VIEW ] /opt/lampp/htdocs/tp5/public/../application/index/view/regeister/index.html [ array (
) ]
[ info ] [ LOG ] INIT File
---------------------------------------------------------------
[ 2018-05-23T23:50:35+08:00 ] 127.0.0.1 GET /tp5/public/index/regeister
[ info ] 127.0.0.1/tp5/public/index/regeister [运行时间：0.019551s][吞吐率：51.15req/s] [内存消耗：1,810.99kb] [文件加载：44]
[ info ] [ LANG ] /opt/lampp/htdocs/tp5/thinkphp/lang/zh-cn.php
[ info ] [ ROUTE ] array (
  'type' => 'module',
  'module' => 
  array (
    0 => 'index',
    1 => 'regeister',
    2 => NULL,
  ),
)
[ info ] [ HEADER ] array (
  'host' => '127.0.0.1',
  'connection' => 'keep-alive',
  'cache-control' => 'max-age=0',
  'user-agent' => 'Mozilla/5.0 (X11; Linux x86_64) AppleWebKit/537.36 (KHTML, like Gecko) Chrome/63.0.3239.132 Safari/537.36',
  'upgrade-insecure-requests' => '1',
  'accept' => 'text/html,application/xhtml+xml,application/xml;q=0.9,image/webp,image/apng,*/*;q=0.8',
  'referer' => 'http://127.0.0.1/tp5/public/index/login/index.html',
  'accept-encoding' => 'gzip, deflate, br',
  'accept-language' => 'zh-CN,zh;q=0.9',
  'cookie' => 'PHPSESSID=5ee6543037211a7e7837870233b92df0; user_id=1003; username=admin',
)
[ info ] [ PARAM ] array (
)
[ info ] [ RUN ] app\index\controller\Regeister->index[ /opt/lampp/htdocs/tp5/application/index/controller/Regeister.php ]
[ info ] [ VIEW ] /opt/lampp/htdocs/tp5/public/../application/index/view/regeister/index.html [ array (
) ]
[ info ] [ LOG ] INIT File
---------------------------------------------------------------
[ 2018-05-23T23:50:35+08:00 ] 127.0.0.1 GET /tp5/public/index/regeister
[ info ] 127.0.0.1/tp5/public/index/regeister [运行时间：0.023205s][吞吐率：43.09req/s] [内存消耗：1,598.23kb] [文件加载：42]
[ info ] [ LANG ] /opt/lampp/htdocs/tp5/thinkphp/lang/zh-cn.php
[ info ] [ ROUTE ] array (
  'type' => 'module',
  'module' => 
  array (
    0 => 'index',
    1 => 'regeister',
    2 => NULL,
  ),
)
[ info ] [ HEADER ] array (
  'host' => '127.0.0.1',
  'connection' => 'keep-alive',
  'user-agent' => 'Mozilla/5.0 (X11; Linux x86_64) AppleWebKit/537.36 (KHTML, like Gecko) Chrome/63.0.3239.132 Safari/537.36',
  'accept' => 'image/webp,image/apng,image/*,*/*;q=0.8',
  'referer' => 'http://127.0.0.1/tp5/public/index/regeister',
  'accept-encoding' => 'gzip, deflate, br',
  'accept-language' => 'zh-CN,zh;q=0.9',
  'cookie' => 'PHPSESSID=5ee6543037211a7e7837870233b92df0; user_id=1003; username=admin',
)
[ info ] [ PARAM ] array (
)
[ info ] [ RUN ] app\index\controller\Regeister->index[ /opt/lampp/htdocs/tp5/application/index/controller/Regeister.php ]
[ info ] [ VIEW ] /opt/lampp/htdocs/tp5/public/../application/index/view/regeister/index.html [ array (
) ]
[ info ] [ LOG ] INIT File
---------------------------------------------------------------
[ 2018-05-23T23:51:07+08:00 ] 127.0.0.1 GET /tp5/public/index/regeister
[ info ] 127.0.0.1/tp5/public/index/regeister [运行时间：0.016717s][吞吐率：59.82req/s] [内存消耗：1,818.99kb] [文件加载：44]
[ info ] [ LANG ] /opt/lampp/htdocs/tp5/thinkphp/lang/zh-cn.php
[ info ] [ ROUTE ] array (
  'type' => 'module',
  'module' => 
  array (
    0 => 'index',
    1 => 'regeister',
    2 => NULL,
  ),
)
[ info ] [ HEADER ] array (
  'host' => '127.0.0.1',
  'connection' => 'keep-alive',
  'cache-control' => 'max-age=0',
  'user-agent' => 'Mozilla/5.0 (X11; Linux x86_64) AppleWebKit/537.36 (KHTML, like Gecko) Chrome/63.0.3239.132 Safari/537.36',
  'upgrade-insecure-requests' => '1',
  'accept' => 'text/html,application/xhtml+xml,application/xml;q=0.9,image/webp,image/apng,*/*;q=0.8',
  'referer' => 'http://127.0.0.1/tp5/public/index/login/index.html',
  'accept-encoding' => 'gzip, deflate, br',
  'accept-language' => 'zh-CN,zh;q=0.9',
  'cookie' => 'PHPSESSID=5ee6543037211a7e7837870233b92df0; user_id=1003; username=admin',
)
[ info ] [ PARAM ] array (
)
[ info ] [ RUN ] app\index\controller\Regeister->index[ /opt/lampp/htdocs/tp5/application/index/controller/Regeister.php ]
[ info ] [ VIEW ] /opt/lampp/htdocs/tp5/public/../application/index/view/regeister/index.html [ array (
) ]
[ info ] [ LOG ] INIT File
---------------------------------------------------------------
[ 2018-05-23T23:51:07+08:00 ] 127.0.0.1 GET /tp5/public/index/regeister
[ info ] 127.0.0.1/tp5/public/index/regeister [运行时间：0.013845s][吞吐率：72.23req/s] [内存消耗：1,598.23kb] [文件加载：42]
[ info ] [ LANG ] /opt/lampp/htdocs/tp5/thinkphp/lang/zh-cn.php
[ info ] [ ROUTE ] array (
  'type' => 'module',
  'module' => 
  array (
    0 => 'index',
    1 => 'regeister',
    2 => NULL,
  ),
)
[ info ] [ HEADER ] array (
  'host' => '127.0.0.1',
  'connection' => 'keep-alive',
  'user-agent' => 'Mozilla/5.0 (X11; Linux x86_64) AppleWebKit/537.36 (KHTML, like Gecko) Chrome/63.0.3239.132 Safari/537.36',
  'accept' => 'image/webp,image/apng,image/*,*/*;q=0.8',
  'referer' => 'http://127.0.0.1/tp5/public/index/regeister',
  'accept-encoding' => 'gzip, deflate, br',
  'accept-language' => 'zh-CN,zh;q=0.9',
  'cookie' => 'PHPSESSID=5ee6543037211a7e7837870233b92df0; user_id=1003; username=admin',
)
[ info ] [ PARAM ] array (
)
[ info ] [ RUN ] app\index\controller\Regeister->index[ /opt/lampp/htdocs/tp5/application/index/controller/Regeister.php ]
[ info ] [ VIEW ] /opt/lampp/htdocs/tp5/public/../application/index/view/regeister/index.html [ array (
) ]
[ info ] [ LOG ] INIT File
---------------------------------------------------------------
[ 2018-05-23T23:51:24+08:00 ] 127.0.0.1 GET /tp5/public/index/regeister
[ info ] 127.0.0.1/tp5/public/index/regeister [运行时间：0.023303s][吞吐率：42.91req/s] [内存消耗：1,818.99kb] [文件加载：44]
[ info ] [ LANG ] /opt/lampp/htdocs/tp5/thinkphp/lang/zh-cn.php
[ info ] [ ROUTE ] array (
  'type' => 'module',
  'module' => 
  array (
    0 => 'index',
    1 => 'regeister',
    2 => NULL,
  ),
)
[ info ] [ HEADER ] array (
  'host' => '127.0.0.1',
  'connection' => 'keep-alive',
  'cache-control' => 'max-age=0',
  'user-agent' => 'Mozilla/5.0 (X11; Linux x86_64) AppleWebKit/537.36 (KHTML, like Gecko) Chrome/63.0.3239.132 Safari/537.36',
  'upgrade-insecure-requests' => '1',
  'accept' => 'text/html,application/xhtml+xml,application/xml;q=0.9,image/webp,image/apng,*/*;q=0.8',
  'referer' => 'http://127.0.0.1/tp5/public/index/login/index.html',
  'accept-encoding' => 'gzip, deflate, br',
  'accept-language' => 'zh-CN,zh;q=0.9',
  'cookie' => 'PHPSESSID=5ee6543037211a7e7837870233b92df0; user_id=1003; username=admin',
)
[ info ] [ PARAM ] array (
)
[ info ] [ RUN ] app\index\controller\Regeister->index[ /opt/lampp/htdocs/tp5/application/index/controller/Regeister.php ]
[ info ] [ VIEW ] /opt/lampp/htdocs/tp5/public/../application/index/view/regeister/index.html [ array (
) ]
[ info ] [ LOG ] INIT File
---------------------------------------------------------------
[ 2018-05-23T23:51:24+08:00 ] 127.0.0.1 GET /tp5/public/index/regeister
[ info ] 127.0.0.1/tp5/public/index/regeister [运行时间：0.017073s][吞吐率：58.57req/s] [内存消耗：1,598.23kb] [文件加载：42]
[ info ] [ LANG ] /opt/lampp/htdocs/tp5/thinkphp/lang/zh-cn.php
[ info ] [ ROUTE ] array (
  'type' => 'module',
  'module' => 
  array (
    0 => 'index',
    1 => 'regeister',
    2 => NULL,
  ),
)
[ info ] [ HEADER ] array (
  'host' => '127.0.0.1',
  'connection' => 'keep-alive',
  'user-agent' => 'Mozilla/5.0 (X11; Linux x86_64) AppleWebKit/537.36 (KHTML, like Gecko) Chrome/63.0.3239.132 Safari/537.36',
  'accept' => 'image/webp,image/apng,image/*,*/*;q=0.8',
  'referer' => 'http://127.0.0.1/tp5/public/index/regeister',
  'accept-encoding' => 'gzip, deflate, br',
  'accept-language' => 'zh-CN,zh;q=0.9',
  'cookie' => 'PHPSESSID=5ee6543037211a7e7837870233b92df0; user_id=1003; username=admin',
)
[ info ] [ PARAM ] array (
)
[ info ] [ RUN ] app\index\controller\Regeister->index[ /opt/lampp/htdocs/tp5/application/index/controller/Regeister.php ]
[ info ] [ VIEW ] /opt/lampp/htdocs/tp5/public/../application/index/view/regeister/index.html [ array (
) ]
[ info ] [ LOG ] INIT File
---------------------------------------------------------------
[ 2018-05-23T23:53:42+08:00 ] 127.0.0.1 GET /tp5/public/index/regeister
[ info ] 127.0.0.1/tp5/public/index/regeister [运行时间：0.021891s][吞吐率：45.68req/s] [内存消耗：1,818.99kb] [文件加载：44]
[ info ] [ LANG ] /opt/lampp/htdocs/tp5/thinkphp/lang/zh-cn.php
[ info ] [ ROUTE ] array (
  'type' => 'module',
  'module' => 
  array (
    0 => 'index',
    1 => 'regeister',
    2 => NULL,
  ),
)
[ info ] [ HEADER ] array (
  'host' => '127.0.0.1',
  'connection' => 'keep-alive',
  'cache-control' => 'max-age=0',
  'user-agent' => 'Mozilla/5.0 (X11; Linux x86_64) AppleWebKit/537.36 (KHTML, like Gecko) Chrome/63.0.3239.132 Safari/537.36',
  'upgrade-insecure-requests' => '1',
  'accept' => 'text/html,application/xhtml+xml,application/xml;q=0.9,image/webp,image/apng,*/*;q=0.8',
  'referer' => 'http://127.0.0.1/tp5/public/index/login/index.html',
  'accept-encoding' => 'gzip, deflate, br',
  'accept-language' => 'zh-CN,zh;q=0.9',
  'cookie' => 'PHPSESSID=5ee6543037211a7e7837870233b92df0; user_id=1003; username=admin',
)
[ info ] [ PARAM ] array (
)
[ info ] [ RUN ] app\index\controller\Regeister->index[ /opt/lampp/htdocs/tp5/application/index/controller/Regeister.php ]
[ info ] [ VIEW ] /opt/lampp/htdocs/tp5/public/../application/index/view/regeister/index.html [ array (
) ]
[ info ] [ LOG ] INIT File
---------------------------------------------------------------
[ 2018-05-23T23:53:42+08:00 ] 127.0.0.1 GET /tp5/public/index/regeister
[ info ] 127.0.0.1/tp5/public/index/regeister [运行时间：0.015564s][吞吐率：64.25req/s] [内存消耗：1,598.23kb] [文件加载：42]
[ info ] [ LANG ] /opt/lampp/htdocs/tp5/thinkphp/lang/zh-cn.php
[ info ] [ ROUTE ] array (
  'type' => 'module',
  'module' => 
  array (
    0 => 'index',
    1 => 'regeister',
    2 => NULL,
  ),
)
[ info ] [ HEADER ] array (
  'host' => '127.0.0.1',
  'connection' => 'keep-alive',
  'user-agent' => 'Mozilla/5.0 (X11; Linux x86_64) AppleWebKit/537.36 (KHTML, like Gecko) Chrome/63.0.3239.132 Safari/537.36',
  'accept' => 'image/webp,image/apng,image/*,*/*;q=0.8',
  'referer' => 'http://127.0.0.1/tp5/public/index/regeister',
  'accept-encoding' => 'gzip, deflate, br',
  'accept-language' => 'zh-CN,zh;q=0.9',
  'cookie' => 'PHPSESSID=5ee6543037211a7e7837870233b92df0; user_id=1003; username=admin',
)
[ info ] [ PARAM ] array (
)
[ info ] [ RUN ] app\index\controller\Regeister->index[ /opt/lampp/htdocs/tp5/application/index/controller/Regeister.php ]
[ info ] [ VIEW ] /opt/lampp/htdocs/tp5/public/../application/index/view/regeister/index.html [ array (
) ]
[ info ] [ LOG ] INIT File
---------------------------------------------------------------
[ 2018-05-23T23:57:56+08:00 ] 127.0.0.1 GET /tp5/public/index/regeister
[ info ] 127.0.0.1/tp5/public/index/regeister [运行时间：0.030399s][吞吐率：32.90req/s] [内存消耗：2,564.05kb] [文件加载：51]
[ info ] [ LANG ] /opt/lampp/htdocs/tp5/thinkphp/lang/zh-cn.php
[ info ] [ ROUTE ] array (
  'type' => 'module',
  'module' => 
  array (
    0 => 'index',
    1 => 'regeister',
    2 => NULL,
  ),
)
[ info ] [ HEADER ] array (
  'host' => '127.0.0.1',
  'connection' => 'keep-alive',
  'cache-control' => 'max-age=0',
  'user-agent' => 'Mozilla/5.0 (X11; Linux x86_64) AppleWebKit/537.36 (KHTML, like Gecko) Chrome/63.0.3239.132 Safari/537.36',
  'upgrade-insecure-requests' => '1',
  'accept' => 'text/html,application/xhtml+xml,application/xml;q=0.9,image/webp,image/apng,*/*;q=0.8',
  'referer' => 'http://127.0.0.1/tp5/public/index/login/index.html',
  'accept-encoding' => 'gzip, deflate, br',
  'accept-language' => 'zh-CN,zh;q=0.9',
  'cookie' => 'PHPSESSID=5ee6543037211a7e7837870233b92df0; user_id=1003; username=admin',
)
[ info ] [ PARAM ] array (
)
[ info ] [ RUN ] app\index\controller\Regeister->index[ /opt/lampp/htdocs/tp5/application/index/controller/Regeister.php ]
[ info ] [ DB ] INIT mysql
[ info ] [ VIEW ] /opt/lampp/htdocs/tp5/public/../application/index/view/regeister/index.html [ array (
  0 => 'points',
) ]
[ info ] [ LOG ] INIT File
[ sql ] [ DB ] CONNECT:[ UseTime:0.000298s ] mysql:host=127.0.0.1;port=3306;dbname=express;charset=utf8
[ sql ] [ SQL ] SHOW COLUMNS FROM `point` [ RunTime:0.000796s ]
[ sql ] [ SQL ] SELECT `name` FROM `point` [ RunTime:0.000176s ]
---------------------------------------------------------------
[ 2018-05-23T23:57:56+08:00 ] 127.0.0.1 GET /tp5/public/index/regeister
[ info ] 127.0.0.1/tp5/public/index/regeister [运行时间：0.029863s][吞吐率：33.49req/s] [内存消耗：2,415.48kb] [文件加载：49]
[ info ] [ LANG ] /opt/lampp/htdocs/tp5/thinkphp/lang/zh-cn.php
[ info ] [ ROUTE ] array (
  'type' => 'module',
  'module' => 
  array (
    0 => 'index',
    1 => 'regeister',
    2 => NULL,
  ),
)
[ info ] [ HEADER ] array (
  'host' => '127.0.0.1',
  'connection' => 'keep-alive',
  'user-agent' => 'Mozilla/5.0 (X11; Linux x86_64) AppleWebKit/537.36 (KHTML, like Gecko) Chrome/63.0.3239.132 Safari/537.36',
  'accept' => 'image/webp,image/apng,image/*,*/*;q=0.8',
  'referer' => 'http://127.0.0.1/tp5/public/index/regeister',
  'accept-encoding' => 'gzip, deflate, br',
  'accept-language' => 'zh-CN,zh;q=0.9',
  'cookie' => 'PHPSESSID=5ee6543037211a7e7837870233b92df0; user_id=1003; username=admin',
)
[ info ] [ PARAM ] array (
)
[ info ] [ RUN ] app\index\controller\Regeister->index[ /opt/lampp/htdocs/tp5/application/index/controller/Regeister.php ]
[ info ] [ DB ] INIT mysql
[ info ] [ VIEW ] /opt/lampp/htdocs/tp5/public/../application/index/view/regeister/index.html [ array (
  0 => 'points',
) ]
[ info ] [ LOG ] INIT File
[ sql ] [ DB ] CONNECT:[ UseTime:0.000729s ] mysql:host=127.0.0.1;port=3306;dbname=express;charset=utf8
[ sql ] [ SQL ] SHOW COLUMNS FROM `point` [ RunTime:0.001413s ]
[ sql ] [ SQL ] SELECT `name` FROM `point` [ RunTime:0.000595s ]
---------------------------------------------------------------
[ 2018-05-23T23:58:56+08:00 ] 127.0.0.1 GET /tp5/public/index/regeister
[ info ] 127.0.0.1/tp5/public/index/regeister [运行时间：0.074910s][吞吐率：13.35req/s] [内存消耗：1,281.37kb] [文件加载：36]
[ info ] [ LANG ] /opt/lampp/htdocs/tp5/thinkphp/lang/zh-cn.php
[ info ] [ ROUTE ] array (
  'type' => 'module',
  'module' => 
  array (
    0 => 'index',
    1 => 'regeister',
    2 => NULL,
  ),
)
[ info ] [ HEADER ] array (
  'host' => '127.0.0.1',
  'connection' => 'keep-alive',
  'cache-control' => 'max-age=0',
  'user-agent' => 'Mozilla/5.0 (X11; Linux x86_64) AppleWebKit/537.36 (KHTML, like Gecko) Chrome/63.0.3239.132 Safari/537.36',
  'upgrade-insecure-requests' => '1',
  'accept' => 'text/html,application/xhtml+xml,application/xml;q=0.9,image/webp,image/apng,*/*;q=0.8',
  'referer' => 'http://127.0.0.1/tp5/public/index/login/index.html',
  'accept-encoding' => 'gzip, deflate, br',
  'accept-language' => 'zh-CN,zh;q=0.9',
  'cookie' => 'PHPSESSID=5ee6543037211a7e7837870233b92df0; user_id=1003; username=admin',
)
[ info ] [ PARAM ] array (
)
[ info ] [ LOG ] INIT File
[ error ] [0]语法解析错误: syntax error, unexpected '超级网点' (T_STRING), expecting ',' or ')'[/opt/lampp/htdocs/tp5/application/index/controller/Regeister.php:19]
