---------------------------------------------------------------
[ 2018-05-28T22:58:17+08:00 ] 127.0.0.1 GET /tp5/public/index/login
[ info ] 127.0.0.1/tp5/public/index/login [运行时间：0.541138s][吞吐率：1.85req/s] [内存消耗：1,601.77kb] [文件加载：42]
[ info ] [ LANG ] /opt/lampp/htdocs/tp5/thinkphp/lang/zh-cn.php
[ info ] [ ROUTE ] array (
  'type' => 'module',
  'module' => 
  array (
    0 => 'index',
    1 => 'login',
    2 => NULL,
  ),
)
[ info ] [ HEADER ] array (
  'host' => '127.0.0.1',
  'connection' => 'keep-alive',
  'cache-control' => 'max-age=0',
  'user-agent' => 'Mozilla/5.0 (X11; Linux x86_64) AppleWebKit/537.36 (KHTML, like Gecko) Chrome/63.0.3239.132 Safari/537.36',
  'upgrade-insecure-requests' => '1',
  'accept' => 'text/html,application/xhtml+xml,application/xml;q=0.9,image/webp,image/apng,*/*;q=0.8',
  'referer' => 'http://127.0.0.1/tp5/public/index/regeister',
  'accept-encoding' => 'gzip, deflate, br',
  'accept-language' => 'zh-CN,zh;q=0.9',
  'cookie' => 'PHPSESSID=5ee6543037211a7e7837870233b92df0',
)
[ info ] [ PARAM ] array (
)
[ info ] [ RUN ] app\index\controller\Login->index[ /opt/lampp/htdocs/tp5/application/index/controller/Login.php ]
[ info ] [ VIEW ] /opt/lampp/htdocs/tp5/public/../application/index/view/login/index.html [ array (
) ]
[ info ] [ LOG ] INIT File
---------------------------------------------------------------
[ 2018-05-28T22:58:23+08:00 ] 127.0.0.1 POST /tp5/public/index/login/dologin.html
[ info ] 127.0.0.1/tp5/public/index/login/dologin.html [运行时间：0.761189s][吞吐率：1.31req/s] [内存消耗：2,381.44kb] [文件加载：49]
[ info ] [ LANG ] /opt/lampp/htdocs/tp5/thinkphp/lang/zh-cn.php
[ info ] [ ROUTE ] array (
  'type' => 'module',
  'module' => 
  array (
    0 => 'index',
    1 => 'login',
    2 => 'dologin',
  ),
)
[ info ] [ HEADER ] array (
  'host' => '127.0.0.1',
  'connection' => 'keep-alive',
  'content-length' => '29',
  'cache-control' => 'max-age=0',
  'origin' => 'http://127.0.0.1',
  'upgrade-insecure-requests' => '1',
  'content-type' => 'application/x-www-form-urlencoded',
  'user-agent' => 'Mozilla/5.0 (X11; Linux x86_64) AppleWebKit/537.36 (KHTML, like Gecko) Chrome/63.0.3239.132 Safari/537.36',
  'accept' => 'text/html,application/xhtml+xml,application/xml;q=0.9,image/webp,image/apng,*/*;q=0.8',
  'referer' => 'http://127.0.0.1/tp5/public/index/login',
  'accept-encoding' => 'gzip, deflate, br',
  'accept-language' => 'zh-CN,zh;q=0.9',
  'cookie' => 'PHPSESSID=5ee6543037211a7e7837870233b92df0',
)
[ info ] [ PARAM ] array (
  'username' => 'admin',
  'userpwd' => '123456',
)
[ info ] [ RUN ] app\index\controller\Login->doLogin[ /opt/lampp/htdocs/tp5/application/index/controller/Login.php ]
[ info ] [ DB ] INIT mysql
[ info ] [ VIEW ] /opt/lampp/htdocs/tp5/thinkphp/tpl/dispatch_jump.tpl [ array (
  0 => 'code',
  1 => 'msg',
  2 => 'data',
  3 => 'url',
  4 => 'wait',
) ]
[ info ] [ LOG ] INIT File
[ sql ] [ DB ] CONNECT:[ UseTime:0.060219s ] mysql:host=127.0.0.1;port=3306;dbname=express;charset=utf8
[ sql ] [ SQL ] SHOW COLUMNS FROM `employee` [ RunTime:0.227666s ]
[ sql ] [ SQL ] SELECT * FROM `employee` WHERE  `loginname` = 'admin' LIMIT 1 [ RunTime:0.009731s ]
---------------------------------------------------------------
[ 2018-05-28T22:58:29+08:00 ] 127.0.0.1 POST /tp5/public/index/login/dologin.html
[ info ] 127.0.0.1/tp5/public/index/login/dologin.html [运行时间：0.099246s][吞吐率：10.08req/s] [内存消耗：2,424.26kb] [文件加载：50]
[ info ] [ LANG ] /opt/lampp/htdocs/tp5/thinkphp/lang/zh-cn.php
[ info ] [ ROUTE ] array (
  'type' => 'module',
  'module' => 
  array (
    0 => 'index',
    1 => 'login',
    2 => 'dologin',
  ),
)
[ info ] [ HEADER ] array (
  'host' => '127.0.0.1',
  'connection' => 'keep-alive',
  'content-length' => '27',
  'cache-control' => 'max-age=0',
  'origin' => 'http://127.0.0.1',
  'upgrade-insecure-requests' => '1',
  'content-type' => 'application/x-www-form-urlencoded',
  'user-agent' => 'Mozilla/5.0 (X11; Linux x86_64) AppleWebKit/537.36 (KHTML, like Gecko) Chrome/63.0.3239.132 Safari/537.36',
  'accept' => 'text/html,application/xhtml+xml,application/xml;q=0.9,image/webp,image/apng,*/*;q=0.8',
  'referer' => 'http://127.0.0.1/tp5/public/index/login',
  'accept-encoding' => 'gzip, deflate, br',
  'accept-language' => 'zh-CN,zh;q=0.9',
  'cookie' => 'PHPSESSID=5ee6543037211a7e7837870233b92df0',
)
[ info ] [ PARAM ] array (
  'username' => 'admin',
  'userpwd' => '1234',
)
[ info ] [ RUN ] app\index\controller\Login->doLogin[ /opt/lampp/htdocs/tp5/application/index/controller/Login.php ]
[ info ] [ DB ] INIT mysql
[ info ] [ LOG ] INIT File
[ sql ] [ DB ] CONNECT:[ UseTime:0.000370s ] mysql:host=127.0.0.1;port=3306;dbname=express;charset=utf8
[ sql ] [ SQL ] SHOW COLUMNS FROM `employee` [ RunTime:0.000725s ]
[ sql ] [ SQL ] SELECT * FROM `employee` WHERE  `loginname` = 'admin' LIMIT 1 [ RunTime:0.000257s ]
---------------------------------------------------------------
[ 2018-05-28T22:58:29+08:00 ] 127.0.0.1 GET /tp5/public/admin.html
[ info ] 127.0.0.1/tp5/public/admin.html [运行时间：0.126385s][吞吐率：7.91req/s] [内存消耗：2,417.27kb] [文件加载：50]
[ info ] [ LANG ] /opt/lampp/htdocs/tp5/thinkphp/lang/zh-cn.php
[ info ] [ ROUTE ] array (
  'type' => 'module',
  'module' => 
  array (
    0 => 'admin',
    1 => NULL,
    2 => NULL,
  ),
)
[ info ] [ HEADER ] array (
  'host' => '127.0.0.1',
  'connection' => 'keep-alive',
  'cache-control' => 'max-age=0',
  'upgrade-insecure-requests' => '1',
  'user-agent' => 'Mozilla/5.0 (X11; Linux x86_64) AppleWebKit/537.36 (KHTML, like Gecko) Chrome/63.0.3239.132 Safari/537.36',
  'accept' => 'text/html,application/xhtml+xml,application/xml;q=0.9,image/webp,image/apng,*/*;q=0.8',
  'referer' => 'http://127.0.0.1/tp5/public/index/login',
  'accept-encoding' => 'gzip, deflate, br',
  'accept-language' => 'zh-CN,zh;q=0.9',
  'cookie' => 'PHPSESSID=5ee6543037211a7e7837870233b92df0; user_id=1003; username=admin',
)
[ info ] [ PARAM ] array (
)
[ info ] [ DB ] INIT mysql
[ info ] [ RUN ] app\admin\controller\Index->index[ /opt/lampp/htdocs/tp5/application/admin/controller/Index.php ]
[ info ] [ VIEW ] /opt/lampp/htdocs/tp5/public/../application/admin/view/index/index.html [ array (
  0 => 'role',
  1 => 'point',
  2 => 'username',
) ]
[ info ] [ LOG ] INIT File
[ sql ] [ DB ] CONNECT:[ UseTime:0.000270s ] mysql:host=127.0.0.1;port=3306;dbname=express;charset=utf8
[ sql ] [ SQL ] SHOW COLUMNS FROM `employee` [ RunTime:0.001257s ]
[ sql ] [ SQL ] SELECT * FROM `employee` WHERE  `loginname` = 'admin' LIMIT 1 [ RunTime:0.000260s ]
---------------------------------------------------------------
[ 2018-05-28T23:06:44+08:00 ] 127.0.0.1 GET /tp5/public/admin.html
[ info ] 127.0.0.1/tp5/public/admin.html [运行时间：0.414109s][吞吐率：2.41req/s] [内存消耗：2,568.40kb] [文件加载：52]
[ info ] [ LANG ] /opt/lampp/htdocs/tp5/thinkphp/lang/zh-cn.php
[ info ] [ ROUTE ] array (
  'type' => 'module',
  'module' => 
  array (
    0 => 'admin',
    1 => NULL,
    2 => NULL,
  ),
)
[ info ] [ HEADER ] array (
  'host' => '127.0.0.1',
  'connection' => 'keep-alive',
  'cache-control' => 'max-age=0',
  'user-agent' => 'Mozilla/5.0 (X11; Linux x86_64) AppleWebKit/537.36 (KHTML, like Gecko) Chrome/63.0.3239.132 Safari/537.36',
  'upgrade-insecure-requests' => '1',
  'accept' => 'text/html,application/xhtml+xml,application/xml;q=0.9,image/webp,image/apng,*/*;q=0.8',
  'referer' => 'http://127.0.0.1/tp5/public/index/login',
  'accept-encoding' => 'gzip, deflate, br',
  'accept-language' => 'zh-CN,zh;q=0.9',
  'cookie' => 'PHPSESSID=5ee6543037211a7e7837870233b92df0; user_id=1003; username=admin',
)
[ info ] [ PARAM ] array (
)
[ info ] [ DB ] INIT mysql
[ info ] [ RUN ] app\admin\controller\Index->index[ /opt/lampp/htdocs/tp5/application/admin/controller/Index.php ]
[ info ] [ VIEW ] /opt/lampp/htdocs/tp5/public/../application/admin/view/index/index.html [ array (
  0 => 'role',
  1 => 'point',
  2 => 'username',
) ]
[ info ] [ LOG ] INIT File
[ sql ] [ DB ] CONNECT:[ UseTime:0.000306s ] mysql:host=127.0.0.1;port=3306;dbname=express;charset=utf8
[ sql ] [ SQL ] SHOW COLUMNS FROM `employee` [ RunTime:0.000859s ]
[ sql ] [ SQL ] SELECT * FROM `employee` WHERE  `loginname` = 'admin' LIMIT 1 [ RunTime:0.000294s ]
---------------------------------------------------------------
[ 2018-05-28T23:07:04+08:00 ] 127.0.0.1 GET /tp5/public/admin.html
[ info ] 127.0.0.1/tp5/public/admin.html [运行时间：0.031359s][吞吐率：31.89req/s] [内存消耗：2,568.40kb] [文件加载：52]
[ info ] [ LANG ] /opt/lampp/htdocs/tp5/thinkphp/lang/zh-cn.php
[ info ] [ ROUTE ] array (
  'type' => 'module',
  'module' => 
  array (
    0 => 'admin',
    1 => NULL,
    2 => NULL,
  ),
)
[ info ] [ HEADER ] array (
  'host' => '127.0.0.1',
  'connection' => 'keep-alive',
  'cache-control' => 'max-age=0',
  'user-agent' => 'Mozilla/5.0 (X11; Linux x86_64) AppleWebKit/537.36 (KHTML, like Gecko) Chrome/63.0.3239.132 Safari/537.36',
  'upgrade-insecure-requests' => '1',
  'accept' => 'text/html,application/xhtml+xml,application/xml;q=0.9,image/webp,image/apng,*/*;q=0.8',
  'referer' => 'http://127.0.0.1/tp5/public/index/login',
  'accept-encoding' => 'gzip, deflate, br',
  'accept-language' => 'zh-CN,zh;q=0.9',
  'cookie' => 'PHPSESSID=5ee6543037211a7e7837870233b92df0; user_id=1003; username=admin',
)
[ info ] [ PARAM ] array (
)
[ info ] [ DB ] INIT mysql
[ info ] [ RUN ] app\admin\controller\Index->index[ /opt/lampp/htdocs/tp5/application/admin/controller/Index.php ]
[ info ] [ VIEW ] /opt/lampp/htdocs/tp5/public/../application/admin/view/index/index.html [ array (
  0 => 'role',
  1 => 'point',
  2 => 'username',
) ]
[ info ] [ LOG ] INIT File
[ sql ] [ DB ] CONNECT:[ UseTime:0.000269s ] mysql:host=127.0.0.1;port=3306;dbname=express;charset=utf8
[ sql ] [ SQL ] SHOW COLUMNS FROM `employee` [ RunTime:0.000738s ]
[ sql ] [ SQL ] SELECT * FROM `employee` WHERE  `loginname` = 'admin' LIMIT 1 [ RunTime:0.000287s ]
---------------------------------------------------------------
[ 2018-05-28T23:07:06+08:00 ] 127.0.0.1 GET /tp5/public/index/news
[ info ] 127.0.0.1/tp5/public/index/news [运行时间：0.085031s][吞吐率：11.76req/s] [内存消耗：1,345.37kb] [文件加载：37]
[ info ] [ LANG ] /opt/lampp/htdocs/tp5/thinkphp/lang/zh-cn.php
[ info ] [ ROUTE ] array (
  'type' => 'module',
  'module' => 
  array (
    0 => 'index',
    1 => 'news',
    2 => NULL,
  ),
)
[ info ] [ HEADER ] array (
  'host' => '127.0.0.1',
  'connection' => 'keep-alive',
  'upgrade-insecure-requests' => '1',
  'user-agent' => 'Mozilla/5.0 (X11; Linux x86_64) AppleWebKit/537.36 (KHTML, like Gecko) Chrome/63.0.3239.132 Safari/537.36',
  'accept' => 'text/html,application/xhtml+xml,application/xml;q=0.9,image/webp,image/apng,*/*;q=0.8',
  'referer' => 'http://127.0.0.1/tp5/public/admin.html',
  'accept-encoding' => 'gzip, deflate, br',
  'accept-language' => 'zh-CN,zh;q=0.9',
  'cookie' => 'PHPSESSID=5ee6543037211a7e7837870233b92df0; user_id=1003; username=admin',
)
[ info ] [ PARAM ] array (
)
[ info ] [ LOG ] INIT File
---------------------------------------------------------------
[ 2018-05-28T23:07:19+08:00 ] 127.0.0.1 GET /tp5/public/index/news
[ info ] 127.0.0.1/tp5/public/index/news [运行时间：0.018884s][吞吐率：52.96req/s] [内存消耗：1,345.87kb] [文件加载：37]
[ info ] [ LANG ] /opt/lampp/htdocs/tp5/thinkphp/lang/zh-cn.php
[ info ] [ ROUTE ] array (
  'type' => 'module',
  'module' => 
  array (
    0 => 'index',
    1 => 'news',
    2 => NULL,
  ),
)
[ info ] [ HEADER ] array (
  'host' => '127.0.0.1',
  'connection' => 'keep-alive',
  'cache-control' => 'max-age=0',
  'user-agent' => 'Mozilla/5.0 (X11; Linux x86_64) AppleWebKit/537.36 (KHTML, like Gecko) Chrome/63.0.3239.132 Safari/537.36',
  'upgrade-insecure-requests' => '1',
  'accept' => 'text/html,application/xhtml+xml,application/xml;q=0.9,image/webp,image/apng,*/*;q=0.8',
  'referer' => 'http://127.0.0.1/tp5/public/admin.html',
  'accept-encoding' => 'gzip, deflate, br',
  'accept-language' => 'zh-CN,zh;q=0.9',
  'cookie' => 'PHPSESSID=5ee6543037211a7e7837870233b92df0; user_id=1003; username=admin',
)
[ info ] [ PARAM ] array (
)
[ info ] [ LOG ] INIT File
---------------------------------------------------------------
[ 2018-05-28T23:07:21+08:00 ] 127.0.0.1 GET /tp5/public/admin.html
[ info ] 127.0.0.1/tp5/public/admin.html [运行时间：0.033662s][吞吐率：29.71req/s] [内存消耗：2,568.40kb] [文件加载：52]
[ info ] [ LANG ] /opt/lampp/htdocs/tp5/thinkphp/lang/zh-cn.php
[ info ] [ ROUTE ] array (
  'type' => 'module',
  'module' => 
  array (
    0 => 'admin',
    1 => NULL,
    2 => NULL,
  ),
)
[ info ] [ HEADER ] array (
  'host' => '127.0.0.1',
  'connection' => 'keep-alive',
  'cache-control' => 'max-age=0',
  'user-agent' => 'Mozilla/5.0 (X11; Linux x86_64) AppleWebKit/537.36 (KHTML, like Gecko) Chrome/63.0.3239.132 Safari/537.36',
  'upgrade-insecure-requests' => '1',
  'accept' => 'text/html,application/xhtml+xml,application/xml;q=0.9,image/webp,image/apng,*/*;q=0.8',
  'referer' => 'http://127.0.0.1/tp5/public/index/login',
  'accept-encoding' => 'gzip, deflate, br',
  'accept-language' => 'zh-CN,zh;q=0.9',
  'cookie' => 'PHPSESSID=5ee6543037211a7e7837870233b92df0; user_id=1003; username=admin',
)
[ info ] [ PARAM ] array (
)
[ info ] [ DB ] INIT mysql
[ info ] [ RUN ] app\admin\controller\Index->index[ /opt/lampp/htdocs/tp5/application/admin/controller/Index.php ]
[ info ] [ VIEW ] /opt/lampp/htdocs/tp5/public/../application/admin/view/index/index.html [ array (
  0 => 'role',
  1 => 'point',
  2 => 'username',
) ]
[ info ] [ LOG ] INIT File
[ sql ] [ DB ] CONNECT:[ UseTime:0.000369s ] mysql:host=127.0.0.1;port=3306;dbname=express;charset=utf8
[ sql ] [ SQL ] SHOW COLUMNS FROM `employee` [ RunTime:0.001736s ]
[ sql ] [ SQL ] SELECT * FROM `employee` WHERE  `loginname` = 'admin' LIMIT 1 [ RunTime:0.001142s ]
---------------------------------------------------------------
[ 2018-05-28T23:07:23+08:00 ] 127.0.0.1 GET /tp5/public/admin/index/news
[ info ] 127.0.0.1/tp5/public/admin/index/news [运行时间：0.078358s][吞吐率：12.76req/s] [内存消耗：2,437.53kb] [文件加载：52]
[ info ] [ LANG ] /opt/lampp/htdocs/tp5/thinkphp/lang/zh-cn.php
[ info ] [ ROUTE ] array (
  'type' => 'module',
  'module' => 
  array (
    0 => 'admin',
    1 => 'index',
    2 => 'news',
  ),
)
[ info ] [ HEADER ] array (
  'host' => '127.0.0.1',
  'connection' => 'keep-alive',
  'upgrade-insecure-requests' => '1',
  'user-agent' => 'Mozilla/5.0 (X11; Linux x86_64) AppleWebKit/537.36 (KHTML, like Gecko) Chrome/63.0.3239.132 Safari/537.36',
  'accept' => 'text/html,application/xhtml+xml,application/xml;q=0.9,image/webp,image/apng,*/*;q=0.8',
  'referer' => 'http://127.0.0.1/tp5/public/admin.html',
  'accept-encoding' => 'gzip, deflate, br',
  'accept-language' => 'zh-CN,zh;q=0.9',
  'cookie' => 'PHPSESSID=5ee6543037211a7e7837870233b92df0; user_id=1003; username=admin',
)
[ info ] [ PARAM ] array (
)
[ info ] [ DB ] INIT mysql
[ info ] [ RUN ] app\admin\controller\Index->news[ /opt/lampp/htdocs/tp5/application/admin/controller/Index.php ]
[ info ] [ LOG ] INIT File
[ sql ] [ DB ] CONNECT:[ UseTime:0.000257s ] mysql:host=127.0.0.1;port=3306;dbname=express;charset=utf8
[ sql ] [ SQL ] SHOW COLUMNS FROM `employee` [ RunTime:0.000841s ]
[ sql ] [ SQL ] SELECT * FROM `employee` WHERE  `loginname` = 'admin' LIMIT 1 [ RunTime:0.000251s ]
[ error ] [0]模板文件不存在:public/new.html[/opt/lampp/htdocs/tp5/thinkphp/library/think/view/driver/Think.php:80]
---------------------------------------------------------------
[ 2018-05-28T23:07:42+08:00 ] 127.0.0.1 GET /tp5/public/admin/index/news
[ info ] 127.0.0.1/tp5/public/admin/index/news [运行时间：0.022380s][吞吐率：44.68req/s] [内存消耗：2,437.84kb] [文件加载：52]
[ info ] [ LANG ] /opt/lampp/htdocs/tp5/thinkphp/lang/zh-cn.php
[ info ] [ ROUTE ] array (
  'type' => 'module',
  'module' => 
  array (
    0 => 'admin',
    1 => 'index',
    2 => 'news',
  ),
)
[ info ] [ HEADER ] array (
  'host' => '127.0.0.1',
  'connection' => 'keep-alive',
  'cache-control' => 'max-age=0',
  'user-agent' => 'Mozilla/5.0 (X11; Linux x86_64) AppleWebKit/537.36 (KHTML, like Gecko) Chrome/63.0.3239.132 Safari/537.36',
  'upgrade-insecure-requests' => '1',
  'accept' => 'text/html,application/xhtml+xml,application/xml;q=0.9,image/webp,image/apng,*/*;q=0.8',
  'referer' => 'http://127.0.0.1/tp5/public/admin.html',
  'accept-encoding' => 'gzip, deflate, br',
  'accept-language' => 'zh-CN,zh;q=0.9',
  'cookie' => 'PHPSESSID=5ee6543037211a7e7837870233b92df0; user_id=1003; username=admin',
)
[ info ] [ PARAM ] array (
)
[ info ] [ DB ] INIT mysql
[ info ] [ RUN ] app\admin\controller\Index->news[ /opt/lampp/htdocs/tp5/application/admin/controller/Index.php ]
[ info ] [ LOG ] INIT File
[ sql ] [ DB ] CONNECT:[ UseTime:0.000281s ] mysql:host=127.0.0.1;port=3306;dbname=express;charset=utf8
[ sql ] [ SQL ] SHOW COLUMNS FROM `employee` [ RunTime:0.000715s ]
[ sql ] [ SQL ] SELECT * FROM `employee` WHERE  `loginname` = 'admin' LIMIT 1 [ RunTime:0.000254s ]
[ error ] [0]模板文件不存在:tp5/public/admin/public/new.html[/opt/lampp/htdocs/tp5/thinkphp/library/think/view/driver/Think.php:80]
---------------------------------------------------------------
[ 2018-05-28T23:07:47+08:00 ] 127.0.0.1 GET /tp5/public/admin/index/news
[ info ] 127.0.0.1/tp5/public/admin/index/news [运行时间：0.029884s][吞吐率：33.46req/s] [内存消耗：2,437.80kb] [文件加载：52]
[ info ] [ LANG ] /opt/lampp/htdocs/tp5/thinkphp/lang/zh-cn.php
[ info ] [ ROUTE ] array (
  'type' => 'module',
  'module' => 
  array (
    0 => 'admin',
    1 => 'index',
    2 => 'news',
  ),
)
[ info ] [ HEADER ] array (
  'host' => '127.0.0.1',
  'connection' => 'keep-alive',
  'cache-control' => 'max-age=0',
  'user-agent' => 'Mozilla/5.0 (X11; Linux x86_64) AppleWebKit/537.36 (KHTML, like Gecko) Chrome/63.0.3239.132 Safari/537.36',
  'upgrade-insecure-requests' => '1',
  'accept' => 'text/html,application/xhtml+xml,application/xml;q=0.9,image/webp,image/apng,*/*;q=0.8',
  'referer' => 'http://127.0.0.1/tp5/public/admin.html',
  'accept-encoding' => 'gzip, deflate, br',
  'accept-language' => 'zh-CN,zh;q=0.9',
  'cookie' => 'PHPSESSID=5ee6543037211a7e7837870233b92df0; user_id=1003; username=admin',
)
[ info ] [ PARAM ] array (
)
[ info ] [ DB ] INIT mysql
[ info ] [ RUN ] app\admin\controller\Index->news[ /opt/lampp/htdocs/tp5/application/admin/controller/Index.php ]
[ info ] [ LOG ] INIT File
[ sql ] [ DB ] CONNECT:[ UseTime:0.000311s ] mysql:host=127.0.0.1;port=3306;dbname=express;charset=utf8
[ sql ] [ SQL ] SHOW COLUMNS FROM `employee` [ RunTime:0.000834s ]
[ sql ] [ SQL ] SELECT * FROM `employee` WHERE  `loginname` = 'admin' LIMIT 1 [ RunTime:0.000335s ]
[ error ] [0]模板文件不存在:tp5/public/public/new.html[/opt/lampp/htdocs/tp5/thinkphp/library/think/view/driver/Think.php:80]
---------------------------------------------------------------
[ 2018-05-28T23:07:51+08:00 ] 127.0.0.1 GET /tp5/public/admin/index/news
[ info ] 127.0.0.1/tp5/public/admin/index/news [运行时间：0.030516s][吞吐率：32.77req/s] [内存消耗：2,437.79kb] [文件加载：52]
[ info ] [ LANG ] /opt/lampp/htdocs/tp5/thinkphp/lang/zh-cn.php
[ info ] [ ROUTE ] array (
  'type' => 'module',
  'module' => 
  array (
    0 => 'admin',
    1 => 'index',
    2 => 'news',
  ),
)
[ info ] [ HEADER ] array (
  'host' => '127.0.0.1',
  'connection' => 'keep-alive',
  'cache-control' => 'max-age=0',
  'user-agent' => 'Mozilla/5.0 (X11; Linux x86_64) AppleWebKit/537.36 (KHTML, like Gecko) Chrome/63.0.3239.132 Safari/537.36',
  'upgrade-insecure-requests' => '1',
  'accept' => 'text/html,application/xhtml+xml,application/xml;q=0.9,image/webp,image/apng,*/*;q=0.8',
  'referer' => 'http://127.0.0.1/tp5/public/admin.html',
  'accept-encoding' => 'gzip, deflate, br',
  'accept-language' => 'zh-CN,zh;q=0.9',
  'cookie' => 'PHPSESSID=5ee6543037211a7e7837870233b92df0; user_id=1003; username=admin',
)
[ info ] [ PARAM ] array (
)
[ info ] [ DB ] INIT mysql
[ info ] [ RUN ] app\admin\controller\Index->news[ /opt/lampp/htdocs/tp5/application/admin/controller/Index.php ]
[ info ] [ LOG ] INIT File
[ sql ] [ DB ] CONNECT:[ UseTime:0.000291s ] mysql:host=127.0.0.1;port=3306;dbname=express;charset=utf8
[ sql ] [ SQL ] SHOW COLUMNS FROM `employee` [ RunTime:0.000707s ]
[ sql ] [ SQL ] SELECT * FROM `employee` WHERE  `loginname` = 'admin' LIMIT 1 [ RunTime:0.000259s ]
[ error ] [0]模板文件不存在:tp5/public/new.html[/opt/lampp/htdocs/tp5/thinkphp/library/think/view/driver/Think.php:80]
---------------------------------------------------------------
[ 2018-05-28T23:07:55+08:00 ] 127.0.0.1 GET /tp5/public/admin/index/news
[ info ] 127.0.0.1/tp5/public/admin/index/news [运行时间：0.026539s][吞吐率：37.68req/s] [内存消耗：2,437.79kb] [文件加载：52]
[ info ] [ LANG ] /opt/lampp/htdocs/tp5/thinkphp/lang/zh-cn.php
[ info ] [ ROUTE ] array (
  'type' => 'module',
  'module' => 
  array (
    0 => 'admin',
    1 => 'index',
    2 => 'news',
  ),
)
[ info ] [ HEADER ] array (
  'host' => '127.0.0.1',
  'connection' => 'keep-alive',
  'cache-control' => 'max-age=0',
  'user-agent' => 'Mozilla/5.0 (X11; Linux x86_64) AppleWebKit/537.36 (KHTML, like Gecko) Chrome/63.0.3239.132 Safari/537.36',
  'upgrade-insecure-requests' => '1',
  'accept' => 'text/html,application/xhtml+xml,application/xml;q=0.9,image/webp,image/apng,*/*;q=0.8',
  'referer' => 'http://127.0.0.1/tp5/public/admin.html',
  'accept-encoding' => 'gzip, deflate, br',
  'accept-language' => 'zh-CN,zh;q=0.9',
  'cookie' => 'PHPSESSID=5ee6543037211a7e7837870233b92df0; user_id=1003; username=admin',
)
[ info ] [ PARAM ] array (
)
[ info ] [ DB ] INIT mysql
[ info ] [ RUN ] app\admin\controller\Index->news[ /opt/lampp/htdocs/tp5/application/admin/controller/Index.php ]
[ info ] [ LOG ] INIT File
[ sql ] [ DB ] CONNECT:[ UseTime:0.000286s ] mysql:host=127.0.0.1;port=3306;dbname=express;charset=utf8
[ sql ] [ SQL ] SHOW COLUMNS FROM `employee` [ RunTime:0.001010s ]
[ sql ] [ SQL ] SELECT * FROM `employee` WHERE  `loginname` = 'admin' LIMIT 1 [ RunTime:0.000235s ]
[ error ] [0]模板文件不存在:/public/new.html[/opt/lampp/htdocs/tp5/thinkphp/library/think/view/driver/Think.php:80]
---------------------------------------------------------------
[ 2018-05-28T23:08:18+08:00 ] 127.0.0.1 GET /tp5/public/admin/index/news
[ info ] 127.0.0.1/tp5/public/admin/index/news [运行时间：0.030444s][吞吐率：32.85req/s] [内存消耗：2,437.79kb] [文件加载：52]
[ info ] [ LANG ] /opt/lampp/htdocs/tp5/thinkphp/lang/zh-cn.php
[ info ] [ ROUTE ] array (
  'type' => 'module',
  'module' => 
  array (
    0 => 'admin',
    1 => 'index',
    2 => 'news',
  ),
)
[ info ] [ HEADER ] array (
  'host' => '127.0.0.1',
  'connection' => 'keep-alive',
  'cache-control' => 'max-age=0',
  'user-agent' => 'Mozilla/5.0 (X11; Linux x86_64) AppleWebKit/537.36 (KHTML, like Gecko) Chrome/63.0.3239.132 Safari/537.36',
  'upgrade-insecure-requests' => '1',
  'accept' => 'text/html,application/xhtml+xml,application/xml;q=0.9,image/webp,image/apng,*/*;q=0.8',
  'referer' => 'http://127.0.0.1/tp5/public/admin.html',
  'accept-encoding' => 'gzip, deflate, br',
  'accept-language' => 'zh-CN,zh;q=0.9',
  'cookie' => 'PHPSESSID=5ee6543037211a7e7837870233b92df0; user_id=1003; username=admin',
)
[ info ] [ PARAM ] array (
)
[ info ] [ DB ] INIT mysql
[ info ] [ RUN ] app\admin\controller\Index->news[ /opt/lampp/htdocs/tp5/application/admin/controller/Index.php ]
[ info ] [ LOG ] INIT File
[ sql ] [ DB ] CONNECT:[ UseTime:0.000386s ] mysql:host=127.0.0.1;port=3306;dbname=express;charset=utf8
[ sql ] [ SQL ] SHOW COLUMNS FROM `employee` [ RunTime:0.001098s ]
[ sql ] [ SQL ] SELECT * FROM `employee` WHERE  `loginname` = 'admin' LIMIT 1 [ RunTime:0.000295s ]
[ error ] [0]模板文件不存在:../public/new.html[/opt/lampp/htdocs/tp5/thinkphp/library/think/view/driver/Think.php:80]
---------------------------------------------------------------
[ 2018-05-28T23:08:22+08:00 ] 127.0.0.1 GET /tp5/public/admin/index/news
[ info ] 127.0.0.1/tp5/public/admin/index/news [运行时间：0.026436s][吞吐率：37.83req/s] [内存消耗：2,438.38kb] [文件加载：52]
[ info ] [ LANG ] /opt/lampp/htdocs/tp5/thinkphp/lang/zh-cn.php
[ info ] [ ROUTE ] array (
  'type' => 'module',
  'module' => 
  array (
    0 => 'admin',
    1 => 'index',
    2 => 'news',
  ),
)
[ info ] [ HEADER ] array (
  'host' => '127.0.0.1',
  'connection' => 'keep-alive',
  'cache-control' => 'max-age=0',
  'user-agent' => 'Mozilla/5.0 (X11; Linux x86_64) AppleWebKit/537.36 (KHTML, like Gecko) Chrome/63.0.3239.132 Safari/537.36',
  'upgrade-insecure-requests' => '1',
  'accept' => 'text/html,application/xhtml+xml,application/xml;q=0.9,image/webp,image/apng,*/*;q=0.8',
  'referer' => 'http://127.0.0.1/tp5/public/admin.html',
  'accept-encoding' => 'gzip, deflate, br',
  'accept-language' => 'zh-CN,zh;q=0.9',
  'cookie' => 'PHPSESSID=5ee6543037211a7e7837870233b92df0; user_id=1003; username=admin',
)
[ info ] [ PARAM ] array (
)
[ info ] [ DB ] INIT mysql
[ info ] [ RUN ] app\admin\controller\Index->news[ /opt/lampp/htdocs/tp5/application/admin/controller/Index.php ]
[ info ] [ LOG ] INIT File
[ sql ] [ DB ] CONNECT:[ UseTime:0.000305s ] mysql:host=127.0.0.1;port=3306;dbname=express;charset=utf8
[ sql ] [ SQL ] SHOW COLUMNS FROM `employee` [ RunTime:0.000787s ]
[ sql ] [ SQL ] SELECT * FROM `employee` WHERE  `loginname` = 'admin' LIMIT 1 [ RunTime:0.000279s ]
[ error ] [0]模板文件不存在:../view/public/new.html[/opt/lampp/htdocs/tp5/thinkphp/library/think/view/driver/Think.php:80]
---------------------------------------------------------------
[ 2018-05-28T23:13:27+08:00 ] 127.0.0.1 GET /tp5/public/admin/index/news
[ info ] 127.0.0.1/tp5/public/admin/index/news [运行时间：0.046167s][吞吐率：21.66req/s] [内存消耗：2,437.79kb] [文件加载：52]
[ info ] [ LANG ] /opt/lampp/htdocs/tp5/thinkphp/lang/zh-cn.php
[ info ] [ ROUTE ] array (
  'type' => 'module',
  'module' => 
  array (
    0 => 'admin',
    1 => 'index',
    2 => 'news',
  ),
)
[ info ] [ HEADER ] array (
  'host' => '127.0.0.1',
  'connection' => 'keep-alive',
  'cache-control' => 'max-age=0',
  'user-agent' => 'Mozilla/5.0 (X11; Linux x86_64) AppleWebKit/537.36 (KHTML, like Gecko) Chrome/63.0.3239.132 Safari/537.36',
  'upgrade-insecure-requests' => '1',
  'accept' => 'text/html,application/xhtml+xml,application/xml;q=0.9,image/webp,image/apng,*/*;q=0.8',
  'referer' => 'http://127.0.0.1/tp5/public/admin.html',
  'accept-encoding' => 'gzip, deflate, br',
  'accept-language' => 'zh-CN,zh;q=0.9',
  'cookie' => 'PHPSESSID=5ee6543037211a7e7837870233b92df0; user_id=1003; username=admin',
)
[ info ] [ PARAM ] array (
)
[ info ] [ DB ] INIT mysql
[ info ] [ RUN ] app\admin\controller\Index->news[ /opt/lampp/htdocs/tp5/application/admin/controller/Index.php ]
[ info ] [ LOG ] INIT File
[ sql ] [ DB ] CONNECT:[ UseTime:0.000293s ] mysql:host=127.0.0.1;port=3306;dbname=express;charset=utf8
[ sql ] [ SQL ] SHOW COLUMNS FROM `employee` [ RunTime:0.018972s ]
[ sql ] [ SQL ] SELECT * FROM `employee` WHERE  `loginname` = 'admin' LIMIT 1 [ RunTime:0.000330s ]
[ error ] [0]模板文件不存在:../public/new.html[/opt/lampp/htdocs/tp5/thinkphp/library/think/view/driver/Think.php:80]
---------------------------------------------------------------
[ 2018-05-28T23:13:27+08:00 ] 127.0.0.1 GET /tp5/public/admin/index/news
[ info ] 127.0.0.1/tp5/public/admin/index/news [运行时间：0.027609s][吞吐率：36.22req/s] [内存消耗：2,437.79kb] [文件加载：52]
[ info ] [ LANG ] /opt/lampp/htdocs/tp5/thinkphp/lang/zh-cn.php
[ info ] [ ROUTE ] array (
  'type' => 'module',
  'module' => 
  array (
    0 => 'admin',
    1 => 'index',
    2 => 'news',
  ),
)
[ info ] [ HEADER ] array (
  'host' => '127.0.0.1',
  'connection' => 'keep-alive',
  'cache-control' => 'max-age=0',
  'user-agent' => 'Mozilla/5.0 (X11; Linux x86_64) AppleWebKit/537.36 (KHTML, like Gecko) Chrome/63.0.3239.132 Safari/537.36',
  'upgrade-insecure-requests' => '1',
  'accept' => 'text/html,application/xhtml+xml,application/xml;q=0.9,image/webp,image/apng,*/*;q=0.8',
  'referer' => 'http://127.0.0.1/tp5/public/admin.html',
  'accept-encoding' => 'gzip, deflate, br',
  'accept-language' => 'zh-CN,zh;q=0.9',
  'cookie' => 'PHPSESSID=5ee6543037211a7e7837870233b92df0; user_id=1003; username=admin',
)
[ info ] [ PARAM ] array (
)
[ info ] [ DB ] INIT mysql
[ info ] [ RUN ] app\admin\controller\Index->news[ /opt/lampp/htdocs/tp5/application/admin/controller/Index.php ]
[ info ] [ LOG ] INIT File
[ sql ] [ DB ] CONNECT:[ UseTime:0.000355s ] mysql:host=127.0.0.1;port=3306;dbname=express;charset=utf8
[ sql ] [ SQL ] SHOW COLUMNS FROM `employee` [ RunTime:0.000712s ]
[ sql ] [ SQL ] SELECT * FROM `employee` WHERE  `loginname` = 'admin' LIMIT 1 [ RunTime:0.000223s ]
[ error ] [0]模板文件不存在:../public/new.html[/opt/lampp/htdocs/tp5/thinkphp/library/think/view/driver/Think.php:80]
---------------------------------------------------------------
[ 2018-05-28T23:14:44+08:00 ] 127.0.0.1 GET /tp5/public/admin/index/news
[ info ] 127.0.0.1/tp5/public/admin/index/news [运行时间：0.089956s][吞吐率：11.12req/s] [内存消耗：2,617.52kb] [文件加载：56]
[ info ] [ LANG ] /opt/lampp/htdocs/tp5/thinkphp/lang/zh-cn.php
[ info ] [ ROUTE ] array (
  'type' => 'module',
  'module' => 
  array (
    0 => 'admin',
    1 => 'index',
    2 => 'news',
  ),
)
[ info ] [ HEADER ] array (
  'host' => '127.0.0.1',
  'connection' => 'keep-alive',
  'cache-control' => 'max-age=0',
  'user-agent' => 'Mozilla/5.0 (X11; Linux x86_64) AppleWebKit/537.36 (KHTML, like Gecko) Chrome/63.0.3239.132 Safari/537.36',
  'upgrade-insecure-requests' => '1',
  'accept' => 'text/html,application/xhtml+xml,application/xml;q=0.9,image/webp,image/apng,*/*;q=0.8',
  'referer' => 'http://127.0.0.1/tp5/public/admin.html',
  'accept-encoding' => 'gzip, deflate, br',
  'accept-language' => 'zh-CN,zh;q=0.9',
  'cookie' => 'PHPSESSID=5ee6543037211a7e7837870233b92df0; user_id=1003; username=admin',
)
[ info ] [ PARAM ] array (
)
[ info ] [ DB ] INIT mysql
[ info ] [ RUN ] app\admin\controller\Index->news[ /opt/lampp/htdocs/tp5/application/admin/controller/Index.php ]
[ info ] [ VIEW ] /opt/lampp/htdocs/tp5/public/../application/admin/view/index/news.html [ array (
) ]
[ info ] [ LOG ] INIT File
[ sql ] [ DB ] CONNECT:[ UseTime:0.000275s ] mysql:host=127.0.0.1;port=3306;dbname=express;charset=utf8
[ sql ] [ SQL ] SHOW COLUMNS FROM `employee` [ RunTime:0.000715s ]
[ sql ] [ SQL ] SELECT * FROM `employee` WHERE  `loginname` = 'admin' LIMIT 1 [ RunTime:0.000282s ]
[ error ] [8]未定义变量: role[/opt/lampp/htdocs/tp5/runtime/temp/eb571f6849e90b1ebdbf4eac700f71e8.php:151]
---------------------------------------------------------------
[ 2018-05-28T23:14:47+08:00 ] 127.0.0.1 GET /tp5/public/admin.html
[ info ] 127.0.0.1/tp5/public/admin.html [运行时间：0.033062s][吞吐率：30.25req/s] [内存消耗：2,417.48kb] [文件加载：50]
[ info ] [ LANG ] /opt/lampp/htdocs/tp5/thinkphp/lang/zh-cn.php
[ info ] [ ROUTE ] array (
  'type' => 'module',
  'module' => 
  array (
    0 => 'admin',
    1 => NULL,
    2 => NULL,
  ),
)
[ info ] [ HEADER ] array (
  'host' => '127.0.0.1',
  'connection' => 'keep-alive',
  'cache-control' => 'max-age=0',
  'user-agent' => 'Mozilla/5.0 (X11; Linux x86_64) AppleWebKit/537.36 (KHTML, like Gecko) Chrome/63.0.3239.132 Safari/537.36',
  'upgrade-insecure-requests' => '1',
  'accept' => 'text/html,application/xhtml+xml,application/xml;q=0.9,image/webp,image/apng,*/*;q=0.8',
  'referer' => 'http://127.0.0.1/tp5/public/index/login',
  'accept-encoding' => 'gzip, deflate, br',
  'accept-language' => 'zh-CN,zh;q=0.9',
  'cookie' => 'PHPSESSID=5ee6543037211a7e7837870233b92df0; user_id=1003; username=admin',
)
[ info ] [ PARAM ] array (
)
[ info ] [ DB ] INIT mysql
[ info ] [ RUN ] app\admin\controller\Index->index[ /opt/lampp/htdocs/tp5/application/admin/controller/Index.php ]
[ info ] [ VIEW ] /opt/lampp/htdocs/tp5/public/../application/admin/view/index/index.html [ array (
  0 => 'role',
  1 => 'point',
  2 => 'username',
) ]
[ info ] [ LOG ] INIT File
[ sql ] [ DB ] CONNECT:[ UseTime:0.000263s ] mysql:host=127.0.0.1;port=3306;dbname=express;charset=utf8
[ sql ] [ SQL ] SHOW COLUMNS FROM `employee` [ RunTime:0.000723s ]
[ sql ] [ SQL ] SELECT * FROM `employee` WHERE  `loginname` = 'admin' LIMIT 1 [ RunTime:0.000253s ]
---------------------------------------------------------------
[ 2018-05-28T23:14:50+08:00 ] 127.0.0.1 GET /tp5/public/admin/index/news
[ info ] 127.0.0.1/tp5/public/admin/index/news [运行时间：0.028102s][吞吐率：35.58req/s] [内存消耗：2,461.09kb] [文件加载：54]
[ info ] [ LANG ] /opt/lampp/htdocs/tp5/thinkphp/lang/zh-cn.php
[ info ] [ ROUTE ] array (
  'type' => 'module',
  'module' => 
  array (
    0 => 'admin',
    1 => 'index',
    2 => 'news',
  ),
)
[ info ] [ HEADER ] array (
  'host' => '127.0.0.1',
  'connection' => 'keep-alive',
  'upgrade-insecure-requests' => '1',
  'user-agent' => 'Mozilla/5.0 (X11; Linux x86_64) AppleWebKit/537.36 (KHTML, like Gecko) Chrome/63.0.3239.132 Safari/537.36',
  'accept' => 'text/html,application/xhtml+xml,application/xml;q=0.9,image/webp,image/apng,*/*;q=0.8',
  'referer' => 'http://127.0.0.1/tp5/public/admin.html',
  'accept-encoding' => 'gzip, deflate, br',
  'accept-language' => 'zh-CN,zh;q=0.9',
  'cookie' => 'PHPSESSID=5ee6543037211a7e7837870233b92df0; user_id=1003; username=admin',
)
[ info ] [ PARAM ] array (
)
[ info ] [ DB ] INIT mysql
[ info ] [ RUN ] app\admin\controller\Index->news[ /opt/lampp/htdocs/tp5/application/admin/controller/Index.php ]
[ info ] [ VIEW ] /opt/lampp/htdocs/tp5/public/../application/admin/view/index/news.html [ array (
) ]
[ info ] [ LOG ] INIT File
[ sql ] [ DB ] CONNECT:[ UseTime:0.000251s ] mysql:host=127.0.0.1;port=3306;dbname=express;charset=utf8
[ sql ] [ SQL ] SHOW COLUMNS FROM `employee` [ RunTime:0.000755s ]
[ sql ] [ SQL ] SELECT * FROM `employee` WHERE  `loginname` = 'admin' LIMIT 1 [ RunTime:0.000364s ]
[ error ] [8]未定义变量: role[/opt/lampp/htdocs/tp5/runtime/temp/eb571f6849e90b1ebdbf4eac700f71e8.php:151]
---------------------------------------------------------------
[ 2018-05-28T23:15:03+08:00 ] 127.0.0.1 GET /tp5/public/admin/index/news
[ info ] 127.0.0.1/tp5/public/admin/index/news [运行时间：0.026885s][吞吐率：37.20req/s] [内存消耗：2,417.30kb] [文件加载：50]
[ info ] [ LANG ] /opt/lampp/htdocs/tp5/thinkphp/lang/zh-cn.php
[ info ] [ ROUTE ] array (
  'type' => 'module',
  'module' => 
  array (
    0 => 'admin',
    1 => 'index',
    2 => 'news',
  ),
)
[ info ] [ HEADER ] array (
  'host' => '127.0.0.1',
  'connection' => 'keep-alive',
  'cache-control' => 'max-age=0',
  'user-agent' => 'Mozilla/5.0 (X11; Linux x86_64) AppleWebKit/537.36 (KHTML, like Gecko) Chrome/63.0.3239.132 Safari/537.36',
  'upgrade-insecure-requests' => '1',
  'accept' => 'text/html,application/xhtml+xml,application/xml;q=0.9,image/webp,image/apng,*/*;q=0.8',
  'referer' => 'http://127.0.0.1/tp5/public/admin.html',
  'accept-encoding' => 'gzip, deflate, br',
  'accept-language' => 'zh-CN,zh;q=0.9',
  'cookie' => 'PHPSESSID=5ee6543037211a7e7837870233b92df0; user_id=1003; username=admin',
)
[ info ] [ PARAM ] array (
)
[ info ] [ DB ] INIT mysql
[ info ] [ RUN ] app\admin\controller\Index->news[ /opt/lampp/htdocs/tp5/application/admin/controller/Index.php ]
[ info ] [ VIEW ] /opt/lampp/htdocs/tp5/public/../application/admin/view/index/news.html [ array (
  0 => 'role',
  1 => 'point',
) ]
[ info ] [ LOG ] INIT File
[ sql ] [ DB ] CONNECT:[ UseTime:0.000352s ] mysql:host=127.0.0.1;port=3306;dbname=express;charset=utf8
[ sql ] [ SQL ] SHOW COLUMNS FROM `employee` [ RunTime:0.000734s ]
[ sql ] [ SQL ] SELECT * FROM `employee` WHERE  `loginname` = 'admin' LIMIT 1 [ RunTime:0.000278s ]
---------------------------------------------------------------
[ 2018-05-28T23:15:52+08:00 ] 127.0.0.1 GET /tp5/public/admin/index/news
[ info ] 127.0.0.1/tp5/public/admin/index/news [运行时间：0.029263s][吞吐率：34.17req/s] [内存消耗：2,581.26kb] [文件加载：52]
[ info ] [ LANG ] /opt/lampp/htdocs/tp5/thinkphp/lang/zh-cn.php
[ info ] [ ROUTE ] array (
  'type' => 'module',
  'module' => 
  array (
    0 => 'admin',
    1 => 'index',
    2 => 'news',
  ),
)
[ info ] [ HEADER ] array (
  'host' => '127.0.0.1',
  'connection' => 'keep-alive',
  'cache-control' => 'max-age=0',
  'user-agent' => 'Mozilla/5.0 (X11; Linux x86_64) AppleWebKit/537.36 (KHTML, like Gecko) Chrome/63.0.3239.132 Safari/537.36',
  'upgrade-insecure-requests' => '1',
  'accept' => 'text/html,application/xhtml+xml,application/xml;q=0.9,image/webp,image/apng,*/*;q=0.8',
  'referer' => 'http://127.0.0.1/tp5/public/admin.html',
  'accept-encoding' => 'gzip, deflate, br',
  'accept-language' => 'zh-CN,zh;q=0.9',
  'cookie' => 'PHPSESSID=5ee6543037211a7e7837870233b92df0; user_id=1003; username=admin',
)
[ info ] [ PARAM ] array (
)
[ info ] [ DB ] INIT mysql
[ info ] [ RUN ] app\admin\controller\Index->news[ /opt/lampp/htdocs/tp5/application/admin/controller/Index.php ]
[ info ] [ VIEW ] /opt/lampp/htdocs/tp5/public/../application/admin/view/index/news.html [ array (
  0 => 'role',
  1 => 'point',
) ]
[ info ] [ LOG ] INIT File
[ sql ] [ DB ] CONNECT:[ UseTime:0.000302s ] mysql:host=127.0.0.1;port=3306;dbname=express;charset=utf8
[ sql ] [ SQL ] SHOW COLUMNS FROM `employee` [ RunTime:0.000814s ]
[ sql ] [ SQL ] SELECT * FROM `employee` WHERE  `loginname` = 'admin' LIMIT 1 [ RunTime:0.000351s ]
---------------------------------------------------------------
[ 2018-05-28T23:15:54+08:00 ] 127.0.0.1 GET /tp5/public/admin/index/news
[ info ] 127.0.0.1/tp5/public/admin/index/news [运行时间：0.027669s][吞吐率：36.14req/s] [内存消耗：2,417.30kb] [文件加载：50]
[ info ] [ LANG ] /opt/lampp/htdocs/tp5/thinkphp/lang/zh-cn.php
[ info ] [ ROUTE ] array (
  'type' => 'module',
  'module' => 
  array (
    0 => 'admin',
    1 => 'index',
    2 => 'news',
  ),
)
[ info ] [ HEADER ] array (
  'host' => '127.0.0.1',
  'connection' => 'keep-alive',
  'cache-control' => 'max-age=0',
  'user-agent' => 'Mozilla/5.0 (X11; Linux x86_64) AppleWebKit/537.36 (KHTML, like Gecko) Chrome/63.0.3239.132 Safari/537.36',
  'upgrade-insecure-requests' => '1',
  'accept' => 'text/html,application/xhtml+xml,application/xml;q=0.9,image/webp,image/apng,*/*;q=0.8',
  'referer' => 'http://127.0.0.1/tp5/public/admin.html',
  'accept-encoding' => 'gzip, deflate, br',
  'accept-language' => 'zh-CN,zh;q=0.9',
  'cookie' => 'PHPSESSID=5ee6543037211a7e7837870233b92df0; user_id=1003; username=admin',
)
[ info ] [ PARAM ] array (
)
[ info ] [ DB ] INIT mysql
[ info ] [ RUN ] app\admin\controller\Index->news[ /opt/lampp/htdocs/tp5/application/admin/controller/Index.php ]
[ info ] [ VIEW ] /opt/lampp/htdocs/tp5/public/../application/admin/view/index/news.html [ array (
  0 => 'role',
  1 => 'point',
) ]
[ info ] [ LOG ] INIT File
[ sql ] [ DB ] CONNECT:[ UseTime:0.000249s ] mysql:host=127.0.0.1;port=3306;dbname=express;charset=utf8
[ sql ] [ SQL ] SHOW COLUMNS FROM `employee` [ RunTime:0.000752s ]
[ sql ] [ SQL ] SELECT * FROM `employee` WHERE  `loginname` = 'admin' LIMIT 1 [ RunTime:0.000253s ]
---------------------------------------------------------------
[ 2018-05-28T23:16:20+08:00 ] 127.0.0.1 GET /tp5/public/admin/index/news
[ info ] 127.0.0.1/tp5/public/admin/index/news [运行时间：0.027459s][吞吐率：36.42req/s] [内存消耗：2,573.26kb] [文件加载：52]
[ info ] [ LANG ] /opt/lampp/htdocs/tp5/thinkphp/lang/zh-cn.php
[ info ] [ ROUTE ] array (
  'type' => 'module',
  'module' => 
  array (
    0 => 'admin',
    1 => 'index',
    2 => 'news',
  ),
)
[ info ] [ HEADER ] array (
  'host' => '127.0.0.1',
  'connection' => 'keep-alive',
  'cache-control' => 'max-age=0',
  'user-agent' => 'Mozilla/5.0 (X11; Linux x86_64) AppleWebKit/537.36 (KHTML, like Gecko) Chrome/63.0.3239.132 Safari/537.36',
  'upgrade-insecure-requests' => '1',
  'accept' => 'text/html,application/xhtml+xml,application/xml;q=0.9,image/webp,image/apng,*/*;q=0.8',
  'referer' => 'http://127.0.0.1/tp5/public/admin.html',
  'accept-encoding' => 'gzip, deflate, br',
  'accept-language' => 'zh-CN,zh;q=0.9',
  'cookie' => 'PHPSESSID=5ee6543037211a7e7837870233b92df0; user_id=1003; username=admin',
)
[ info ] [ PARAM ] array (
)
[ info ] [ DB ] INIT mysql
[ info ] [ RUN ] app\admin\controller\Index->news[ /opt/lampp/htdocs/tp5/application/admin/controller/Index.php ]
[ info ] [ VIEW ] /opt/lampp/htdocs/tp5/public/../application/admin/view/index/news.html [ array (
  0 => 'role',
  1 => 'point',
) ]
[ info ] [ LOG ] INIT File
[ sql ] [ DB ] CONNECT:[ UseTime:0.000259s ] mysql:host=127.0.0.1;port=3306;dbname=express;charset=utf8
[ sql ] [ SQL ] SHOW COLUMNS FROM `employee` [ RunTime:0.000700s ]
[ sql ] [ SQL ] SELECT * FROM `employee` WHERE  `loginname` = 'admin' LIMIT 1 [ RunTime:0.000217s ]
---------------------------------------------------------------
[ 2018-05-28T23:17:30+08:00 ] 127.0.0.1 GET /tp5/public/admin/index/news
[ info ] 127.0.0.1/tp5/public/admin/index/news [运行时间：0.031787s][吞吐率：31.46req/s] [内存消耗：2,573.26kb] [文件加载：52]
[ info ] [ LANG ] /opt/lampp/htdocs/tp5/thinkphp/lang/zh-cn.php
[ info ] [ ROUTE ] array (
  'type' => 'module',
  'module' => 
  array (
    0 => 'admin',
    1 => 'index',
    2 => 'news',
  ),
)
[ info ] [ HEADER ] array (
  'host' => '127.0.0.1',
  'connection' => 'keep-alive',
  'cache-control' => 'max-age=0',
  'user-agent' => 'Mozilla/5.0 (X11; Linux x86_64) AppleWebKit/537.36 (KHTML, like Gecko) Chrome/63.0.3239.132 Safari/537.36',
  'upgrade-insecure-requests' => '1',
  'accept' => 'text/html,application/xhtml+xml,application/xml;q=0.9,image/webp,image/apng,*/*;q=0.8',
  'referer' => 'http://127.0.0.1/tp5/public/admin.html',
  'accept-encoding' => 'gzip, deflate, br',
  'accept-language' => 'zh-CN,zh;q=0.9',
  'cookie' => 'PHPSESSID=5ee6543037211a7e7837870233b92df0; user_id=1003; username=admin',
)
[ info ] [ PARAM ] array (
)
[ info ] [ DB ] INIT mysql
[ info ] [ RUN ] app\admin\controller\Index->news[ /opt/lampp/htdocs/tp5/application/admin/controller/Index.php ]
[ info ] [ VIEW ] /opt/lampp/htdocs/tp5/public/../application/admin/view/index/news.html [ array (
  0 => 'role',
  1 => 'point',
) ]
[ info ] [ LOG ] INIT File
[ sql ] [ DB ] CONNECT:[ UseTime:0.000289s ] mysql:host=127.0.0.1;port=3306;dbname=express;charset=utf8
[ sql ] [ SQL ] SHOW COLUMNS FROM `employee` [ RunTime:0.000760s ]
[ sql ] [ SQL ] SELECT * FROM `employee` WHERE  `loginname` = 'admin' LIMIT 1 [ RunTime:0.000240s ]
---------------------------------------------------------------
[ 2018-05-28T23:17:33+08:00 ] 127.0.0.1 GET /tp5/public/admin/company
[ info ] 127.0.0.1/tp5/public/admin/company [运行时间：0.303437s][吞吐率：3.30req/s] [内存消耗：2,658.84kb] [文件加载：53]
[ info ] [ LANG ] /opt/lampp/htdocs/tp5/thinkphp/lang/zh-cn.php
[ info ] [ ROUTE ] array (
  'type' => 'module',
  'module' => 
  array (
    0 => 'admin',
    1 => 'company',
    2 => NULL,
  ),
)
[ info ] [ HEADER ] array (
  'host' => '127.0.0.1',
  'connection' => 'keep-alive',
  'upgrade-insecure-requests' => '1',
  'user-agent' => 'Mozilla/5.0 (X11; Linux x86_64) AppleWebKit/537.36 (KHTML, like Gecko) Chrome/63.0.3239.132 Safari/537.36',
  'accept' => 'text/html,application/xhtml+xml,application/xml;q=0.9,image/webp,image/apng,*/*;q=0.8',
  'referer' => 'http://127.0.0.1/tp5/public/admin/index/news',
  'accept-encoding' => 'gzip, deflate, br',
  'accept-language' => 'zh-CN,zh;q=0.9',
  'cookie' => 'PHPSESSID=5ee6543037211a7e7837870233b92df0; user_id=1003; username=admin',
)
[ info ] [ PARAM ] array (
)
[ info ] [ DB ] INIT mysql
[ info ] [ RUN ] app\admin\controller\Company->index[ /opt/lampp/htdocs/tp5/application/admin/controller/Company.php ]
[ info ] [ VIEW ] /opt/lampp/htdocs/tp5/public/../application/admin/view/company/index.html [ array (
  0 => 'role',
  1 => 'mess',
  2 => 'msg',
) ]
[ info ] [ LOG ] INIT File
[ sql ] [ DB ] CONNECT:[ UseTime:0.000277s ] mysql:host=127.0.0.1;port=3306;dbname=express;charset=utf8
[ sql ] [ SQL ] SHOW COLUMNS FROM `employee` [ RunTime:0.000806s ]
[ sql ] [ SQL ] SELECT * FROM `employee` WHERE  `loginname` = 'admin' LIMIT 1 [ RunTime:0.000267s ]
[ sql ] [ SQL ] SHOW COLUMNS FROM `company` [ RunTime:0.000607s ]
[ sql ] [ SQL ] SELECT * FROM `company` LIMIT 1 [ RunTime:0.090393s ]
---------------------------------------------------------------
[ 2018-05-28T23:17:35+08:00 ] 127.0.0.1 GET /tp5/public/admin
[ info ] 127.0.0.1/tp5/public/admin [运行时间：0.024172s][吞吐率：41.37req/s] [内存消耗：2,417.63kb] [文件加载：50]
[ info ] [ LANG ] /opt/lampp/htdocs/tp5/thinkphp/lang/zh-cn.php
[ info ] [ ROUTE ] array (
  'type' => 'module',
  'module' => 
  array (
    0 => 'admin',
    1 => NULL,
    2 => NULL,
  ),
)
[ info ] [ HEADER ] array (
  'host' => '127.0.0.1',
  'connection' => 'keep-alive',
  'upgrade-insecure-requests' => '1',
  'user-agent' => 'Mozilla/5.0 (X11; Linux x86_64) AppleWebKit/537.36 (KHTML, like Gecko) Chrome/63.0.3239.132 Safari/537.36',
  'accept' => 'text/html,application/xhtml+xml,application/xml;q=0.9,image/webp,image/apng,*/*;q=0.8',
  'referer' => 'http://127.0.0.1/tp5/public/admin/company',
  'accept-encoding' => 'gzip, deflate, br',
  'accept-language' => 'zh-CN,zh;q=0.9',
  'cookie' => 'PHPSESSID=5ee6543037211a7e7837870233b92df0; user_id=1003; username=admin',
)
[ info ] [ PARAM ] array (
)
[ info ] [ DB ] INIT mysql
[ info ] [ RUN ] app\admin\controller\Index->index[ /opt/lampp/htdocs/tp5/application/admin/controller/Index.php ]
[ info ] [ VIEW ] /opt/lampp/htdocs/tp5/public/../application/admin/view/index/index.html [ array (
  0 => 'role',
  1 => 'point',
  2 => 'username',
) ]
[ info ] [ LOG ] INIT File
[ sql ] [ DB ] CONNECT:[ UseTime:0.000269s ] mysql:host=127.0.0.1;port=3306;dbname=express;charset=utf8
[ sql ] [ SQL ] SHOW COLUMNS FROM `employee` [ RunTime:0.000728s ]
[ sql ] [ SQL ] SELECT * FROM `employee` WHERE  `loginname` = 'admin' LIMIT 1 [ RunTime:0.000257s ]
---------------------------------------------------------------
[ 2018-05-28T23:17:37+08:00 ] 127.0.0.1 GET /tp5/public/admin/index/news
[ info ] 127.0.0.1/tp5/public/admin/index/news [运行时间：0.026823s][吞吐率：37.28req/s] [内存消耗：2,417.05kb] [文件加载：50]
[ info ] [ LANG ] /opt/lampp/htdocs/tp5/thinkphp/lang/zh-cn.php
[ info ] [ ROUTE ] array (
  'type' => 'module',
  'module' => 
  array (
    0 => 'admin',
    1 => 'index',
    2 => 'news',
  ),
)
[ info ] [ HEADER ] array (
  'host' => '127.0.0.1',
  'connection' => 'keep-alive',
  'upgrade-insecure-requests' => '1',
  'user-agent' => 'Mozilla/5.0 (X11; Linux x86_64) AppleWebKit/537.36 (KHTML, like Gecko) Chrome/63.0.3239.132 Safari/537.36',
  'accept' => 'text/html,application/xhtml+xml,application/xml;q=0.9,image/webp,image/apng,*/*;q=0.8',
  'referer' => 'http://127.0.0.1/tp5/public/admin',
  'accept-encoding' => 'gzip, deflate, br',
  'accept-language' => 'zh-CN,zh;q=0.9',
  'cookie' => 'PHPSESSID=5ee6543037211a7e7837870233b92df0; user_id=1003; username=admin',
)
[ info ] [ PARAM ] array (
)
[ info ] [ DB ] INIT mysql
[ info ] [ RUN ] app\admin\controller\Index->news[ /opt/lampp/htdocs/tp5/application/admin/controller/Index.php ]
[ info ] [ VIEW ] /opt/lampp/htdocs/tp5/public/../application/admin/view/index/news.html [ array (
  0 => 'role',
  1 => 'point',
) ]
[ info ] [ LOG ] INIT File
[ sql ] [ DB ] CONNECT:[ UseTime:0.000256s ] mysql:host=127.0.0.1;port=3306;dbname=express;charset=utf8
[ sql ] [ SQL ] SHOW COLUMNS FROM `employee` [ RunTime:0.000966s ]
[ sql ] [ SQL ] SELECT * FROM `employee` WHERE  `loginname` = 'admin' LIMIT 1 [ RunTime:0.000244s ]
---------------------------------------------------------------
[ 2018-05-28T23:18:20+08:00 ] 127.0.0.1 GET /tp5/public/admin/index/news
[ info ] 127.0.0.1/tp5/public/admin/index/news [运行时间：0.028533s][吞吐率：35.05req/s] [内存消耗：2,573.26kb] [文件加载：52]
[ info ] [ LANG ] /opt/lampp/htdocs/tp5/thinkphp/lang/zh-cn.php
[ info ] [ ROUTE ] array (
  'type' => 'module',
  'module' => 
  array (
    0 => 'admin',
    1 => 'index',
    2 => 'news',
  ),
)
[ info ] [ HEADER ] array (
  'host' => '127.0.0.1',
  'connection' => 'keep-alive',
  'cache-control' => 'max-age=0',
  'user-agent' => 'Mozilla/5.0 (X11; Linux x86_64) AppleWebKit/537.36 (KHTML, like Gecko) Chrome/63.0.3239.132 Safari/537.36',
  'upgrade-insecure-requests' => '1',
  'accept' => 'text/html,application/xhtml+xml,application/xml;q=0.9,image/webp,image/apng,*/*;q=0.8',
  'referer' => 'http://127.0.0.1/tp5/public/admin',
  'accept-encoding' => 'gzip, deflate, br',
  'accept-language' => 'zh-CN,zh;q=0.9',
  'cookie' => 'PHPSESSID=5ee6543037211a7e7837870233b92df0; user_id=1003; username=admin',
)
[ info ] [ PARAM ] array (
)
[ info ] [ DB ] INIT mysql
[ info ] [ RUN ] app\admin\controller\Index->news[ /opt/lampp/htdocs/tp5/application/admin/controller/Index.php ]
[ info ] [ VIEW ] /opt/lampp/htdocs/tp5/public/../application/admin/view/index/news.html [ array (
  0 => 'role',
  1 => 'point',
) ]
[ info ] [ LOG ] INIT File
[ sql ] [ DB ] CONNECT:[ UseTime:0.000263s ] mysql:host=127.0.0.1;port=3306;dbname=express;charset=utf8
[ sql ] [ SQL ] SHOW COLUMNS FROM `employee` [ RunTime:0.000868s ]
[ sql ] [ SQL ] SELECT * FROM `employee` WHERE  `loginname` = 'admin' LIMIT 1 [ RunTime:0.000265s ]
---------------------------------------------------------------
[ 2018-05-28T23:18:33+08:00 ] 127.0.0.1 GET /tp5/public/admin/index/news
[ info ] 127.0.0.1/tp5/public/admin/index/news [运行时间：0.028966s][吞吐率：34.52req/s] [内存消耗：2,417.30kb] [文件加载：50]
[ info ] [ LANG ] /opt/lampp/htdocs/tp5/thinkphp/lang/zh-cn.php
[ info ] [ ROUTE ] array (
  'type' => 'module',
  'module' => 
  array (
    0 => 'admin',
    1 => 'index',
    2 => 'news',
  ),
)
[ info ] [ HEADER ] array (
  'host' => '127.0.0.1',
  'connection' => 'keep-alive',
  'cache-control' => 'max-age=0',
  'user-agent' => 'Mozilla/5.0 (X11; Linux x86_64) AppleWebKit/537.36 (KHTML, like Gecko) Chrome/63.0.3239.132 Safari/537.36',
  'upgrade-insecure-requests' => '1',
  'accept' => 'text/html,application/xhtml+xml,application/xml;q=0.9,image/webp,image/apng,*/*;q=0.8',
  'referer' => 'http://127.0.0.1/tp5/public/admin',
  'accept-encoding' => 'gzip, deflate, br',
  'accept-language' => 'zh-CN,zh;q=0.9',
  'cookie' => 'PHPSESSID=5ee6543037211a7e7837870233b92df0; user_id=1003; username=admin',
)
[ info ] [ PARAM ] array (
)
[ info ] [ DB ] INIT mysql
[ info ] [ RUN ] app\admin\controller\Index->news[ /opt/lampp/htdocs/tp5/application/admin/controller/Index.php ]
[ info ] [ VIEW ] /opt/lampp/htdocs/tp5/public/../application/admin/view/index/news.html [ array (
  0 => 'role',
  1 => 'point',
) ]
[ info ] [ LOG ] INIT File
[ sql ] [ DB ] CONNECT:[ UseTime:0.000257s ] mysql:host=127.0.0.1;port=3306;dbname=express;charset=utf8
[ sql ] [ SQL ] SHOW COLUMNS FROM `employee` [ RunTime:0.000722s ]
[ sql ] [ SQL ] SELECT * FROM `employee` WHERE  `loginname` = 'admin' LIMIT 1 [ RunTime:0.000254s ]
---------------------------------------------------------------
[ 2018-05-28T23:36:13+08:00 ] 127.0.0.1 GET /tp5/public/admin/employee
[ info ] 127.0.0.1/tp5/public/admin/employee [运行时间：0.115170s][吞吐率：8.68req/s] [内存消耗：2,724.91kb] [文件加载：53]
[ info ] [ LANG ] /opt/lampp/htdocs/tp5/thinkphp/lang/zh-cn.php
[ info ] [ ROUTE ] array (
  'type' => 'module',
  'module' => 
  array (
    0 => 'admin',
    1 => 'employee',
    2 => NULL,
  ),
)
[ info ] [ HEADER ] array (
  'host' => '127.0.0.1',
  'connection' => 'keep-alive',
  'upgrade-insecure-requests' => '1',
  'user-agent' => 'Mozilla/5.0 (X11; Linux x86_64) AppleWebKit/537.36 (KHTML, like Gecko) Chrome/63.0.3239.132 Safari/537.36',
  'accept' => 'text/html,application/xhtml+xml,application/xml;q=0.9,image/webp,image/apng,*/*;q=0.8',
  'referer' => 'http://127.0.0.1/tp5/public/admin/index/news',
  'accept-encoding' => 'gzip, deflate, br',
  'accept-language' => 'zh-CN,zh;q=0.9',
  'cookie' => 'PHPSESSID=5ee6543037211a7e7837870233b92df0; user_id=1003; username=admin',
)
[ info ] [ PARAM ] array (
)
[ info ] [ DB ] INIT mysql
[ info ] [ RUN ] app\admin\controller\Employee->index[ /opt/lampp/htdocs/tp5/application/admin/controller/Employee.php ]
[ info ] [ VIEW ] /opt/lampp/htdocs/tp5/public/../application/admin/view/employee/index.html [ array (
  0 => 'role',
  1 => 'point',
  2 => 'mess',
  3 => 'word',
  4 => 'serole',
) ]
[ info ] [ LOG ] INIT File
[ sql ] [ DB ] CONNECT:[ UseTime:0.000262s ] mysql:host=127.0.0.1;port=3306;dbname=express;charset=utf8
[ sql ] [ SQL ] SHOW COLUMNS FROM `employee` [ RunTime:0.000690s ]
[ sql ] [ SQL ] SELECT * FROM `employee` WHERE  `loginname` = 'admin' LIMIT 1 [ RunTime:0.000216s ]
[ sql ] [ SQL ] SELECT * FROM `employee` WHERE  `loginname` <> 'admin' [ RunTime:0.000166s ]
---------------------------------------------------------------
[ 2018-05-28T23:36:30+08:00 ] 127.0.0.1 GET /tp5/public/admin/index/news
[ info ] 127.0.0.1/tp5/public/admin/index/news [运行时间：0.032468s][吞吐率：30.80req/s] [内存消耗：2,417.09kb] [文件加载：50]
[ info ] [ LANG ] /opt/lampp/htdocs/tp5/thinkphp/lang/zh-cn.php
[ info ] [ ROUTE ] array (
  'type' => 'module',
  'module' => 
  array (
    0 => 'admin',
    1 => 'index',
    2 => 'news',
  ),
)
[ info ] [ HEADER ] array (
  'host' => '127.0.0.1',
  'connection' => 'keep-alive',
  'upgrade-insecure-requests' => '1',
  'user-agent' => 'Mozilla/5.0 (X11; Linux x86_64) AppleWebKit/537.36 (KHTML, like Gecko) Chrome/63.0.3239.132 Safari/537.36',
  'accept' => 'text/html,application/xhtml+xml,application/xml;q=0.9,image/webp,image/apng,*/*;q=0.8',
  'referer' => 'http://127.0.0.1/tp5/public/admin/employee',
  'accept-encoding' => 'gzip, deflate, br',
  'accept-language' => 'zh-CN,zh;q=0.9',
  'cookie' => 'PHPSESSID=5ee6543037211a7e7837870233b92df0; user_id=1003; username=admin',
)
[ info ] [ PARAM ] array (
)
[ info ] [ DB ] INIT mysql
[ info ] [ RUN ] app\admin\controller\Index->news[ /opt/lampp/htdocs/tp5/application/admin/controller/Index.php ]
[ info ] [ VIEW ] /opt/lampp/htdocs/tp5/public/../application/admin/view/index/news.html [ array (
  0 => 'role',
  1 => 'point',
) ]
[ info ] [ LOG ] INIT File
[ sql ] [ DB ] CONNECT:[ UseTime:0.000262s ] mysql:host=127.0.0.1;port=3306;dbname=express;charset=utf8
[ sql ] [ SQL ] SHOW COLUMNS FROM `employee` [ RunTime:0.000802s ]
[ sql ] [ SQL ] SELECT * FROM `employee` WHERE  `loginname` = 'admin' LIMIT 1 [ RunTime:0.000492s ]
---------------------------------------------------------------
[ 2018-05-28T23:36:52+08:00 ] 127.0.0.1 GET /tp5/public/admin/employee
[ info ] 127.0.0.1/tp5/public/admin/employee [运行时间：0.028339s][吞吐率：35.29req/s] [内存消耗：2,550.41kb] [文件加载：51]
[ info ] [ LANG ] /opt/lampp/htdocs/tp5/thinkphp/lang/zh-cn.php
[ info ] [ ROUTE ] array (
  'type' => 'module',
  'module' => 
  array (
    0 => 'admin',
    1 => 'employee',
    2 => NULL,
  ),
)
[ info ] [ HEADER ] array (
  'host' => '127.0.0.1',
  'connection' => 'keep-alive',
  'upgrade-insecure-requests' => '1',
  'user-agent' => 'Mozilla/5.0 (X11; Linux x86_64) AppleWebKit/537.36 (KHTML, like Gecko) Chrome/63.0.3239.132 Safari/537.36',
  'accept' => 'text/html,application/xhtml+xml,application/xml;q=0.9,image/webp,image/apng,*/*;q=0.8',
  'referer' => 'http://127.0.0.1/tp5/public/admin/index/news',
  'accept-encoding' => 'gzip, deflate, br',
  'accept-language' => 'zh-CN,zh;q=0.9',
  'cookie' => 'PHPSESSID=5ee6543037211a7e7837870233b92df0; user_id=1003; username=admin',
)
[ info ] [ PARAM ] array (
)
[ info ] [ DB ] INIT mysql
[ info ] [ RUN ] app\admin\controller\Employee->index[ /opt/lampp/htdocs/tp5/application/admin/controller/Employee.php ]
[ info ] [ VIEW ] /opt/lampp/htdocs/tp5/public/../application/admin/view/employee/index.html [ array (
  0 => 'role',
  1 => 'point',
  2 => 'mess',
  3 => 'word',
  4 => 'serole',
) ]
[ info ] [ LOG ] INIT File
[ sql ] [ DB ] CONNECT:[ UseTime:0.000391s ] mysql:host=127.0.0.1;port=3306;dbname=express;charset=utf8
[ sql ] [ SQL ] SHOW COLUMNS FROM `employee` [ RunTime:0.001974s ]
[ sql ] [ SQL ] SELECT * FROM `employee` WHERE  `loginname` = 'admin' LIMIT 1 [ RunTime:0.000478s ]
[ sql ] [ SQL ] SELECT * FROM `employee` WHERE  `loginname` <> 'admin' [ RunTime:0.000261s ]
---------------------------------------------------------------
[ 2018-05-28T23:38:01+08:00 ] 127.0.0.1 GET /tp5/public/admin/employee
[ info ] 127.0.0.1/tp5/public/admin/employee [运行时间：0.031918s][吞吐率：31.33req/s] [内存消耗：2,550.44kb] [文件加载：51]
[ info ] [ LANG ] /opt/lampp/htdocs/tp5/thinkphp/lang/zh-cn.php
[ info ] [ ROUTE ] array (
  'type' => 'module',
  'module' => 
  array (
    0 => 'admin',
    1 => 'employee',
    2 => NULL,
  ),
)
[ info ] [ HEADER ] array (
  'host' => '127.0.0.1',
  'connection' => 'keep-alive',
  'cache-control' => 'max-age=0',
  'user-agent' => 'Mozilla/5.0 (X11; Linux x86_64) AppleWebKit/537.36 (KHTML, like Gecko) Chrome/63.0.3239.132 Safari/537.36',
  'upgrade-insecure-requests' => '1',
  'accept' => 'text/html,application/xhtml+xml,application/xml;q=0.9,image/webp,image/apng,*/*;q=0.8',
  'referer' => 'http://127.0.0.1/tp5/public/admin/index/news',
  'accept-encoding' => 'gzip, deflate, br',
  'accept-language' => 'zh-CN,zh;q=0.9',
  'cookie' => 'PHPSESSID=5ee6543037211a7e7837870233b92df0; user_id=1003; username=admin',
)
[ info ] [ PARAM ] array (
)
[ info ] [ DB ] INIT mysql
[ info ] [ RUN ] app\admin\controller\Employee->index[ /opt/lampp/htdocs/tp5/application/admin/controller/Employee.php ]
[ info ] [ VIEW ] /opt/lampp/htdocs/tp5/public/../application/admin/view/employee/index.html [ array (
  0 => 'role',
  1 => 'point',
  2 => 'mess',
  3 => 'word',
  4 => 'serole',
) ]
[ info ] [ LOG ] INIT File
[ sql ] [ DB ] CONNECT:[ UseTime:0.000299s ] mysql:host=127.0.0.1;port=3306;dbname=express;charset=utf8
[ sql ] [ SQL ] SHOW COLUMNS FROM `employee` [ RunTime:0.000746s ]
[ sql ] [ SQL ] SELECT * FROM `employee` WHERE  `loginname` = 'admin' LIMIT 1 [ RunTime:0.000327s ]
[ sql ] [ SQL ] SELECT * FROM `employee` WHERE  `loginname` <> 'admin'  AND `isformal` = 1 [ RunTime:0.000362s ]
---------------------------------------------------------------
[ 2018-05-28T23:38:15+08:00 ] 127.0.0.1 GET /tp5/public/admin/employee
[ info ] 127.0.0.1/tp5/public/admin/employee [运行时间：0.030772s][吞吐率：32.50req/s] [内存消耗：2,550.44kb] [文件加载：51]
[ info ] [ LANG ] /opt/lampp/htdocs/tp5/thinkphp/lang/zh-cn.php
[ info ] [ ROUTE ] array (
  'type' => 'module',
  'module' => 
  array (
    0 => 'admin',
    1 => 'employee',
    2 => NULL,
  ),
)
[ info ] [ HEADER ] array (
  'host' => '127.0.0.1',
  'connection' => 'keep-alive',
  'cache-control' => 'max-age=0',
  'user-agent' => 'Mozilla/5.0 (X11; Linux x86_64) AppleWebKit/537.36 (KHTML, like Gecko) Chrome/63.0.3239.132 Safari/537.36',
  'upgrade-insecure-requests' => '1',
  'accept' => 'text/html,application/xhtml+xml,application/xml;q=0.9,image/webp,image/apng,*/*;q=0.8',
  'referer' => 'http://127.0.0.1/tp5/public/admin/index/news',
  'accept-encoding' => 'gzip, deflate, br',
  'accept-language' => 'zh-CN,zh;q=0.9',
  'cookie' => 'PHPSESSID=5ee6543037211a7e7837870233b92df0; user_id=1003; username=admin',
)
[ info ] [ PARAM ] array (
)
[ info ] [ DB ] INIT mysql
[ info ] [ RUN ] app\admin\controller\Employee->index[ /opt/lampp/htdocs/tp5/application/admin/controller/Employee.php ]
[ info ] [ VIEW ] /opt/lampp/htdocs/tp5/public/../application/admin/view/employee/index.html [ array (
  0 => 'role',
  1 => 'point',
  2 => 'mess',
  3 => 'word',
  4 => 'serole',
) ]
[ info ] [ LOG ] INIT File
[ sql ] [ DB ] CONNECT:[ UseTime:0.000348s ] mysql:host=127.0.0.1;port=3306;dbname=express;charset=utf8
[ sql ] [ SQL ] SHOW COLUMNS FROM `employee` [ RunTime:0.000697s ]
[ sql ] [ SQL ] SELECT * FROM `employee` WHERE  `loginname` = 'admin' LIMIT 1 [ RunTime:0.000248s ]
[ sql ] [ SQL ] SELECT * FROM `employee` WHERE  `loginname` <> 'admin'  AND `isformal` = 1 [ RunTime:0.000181s ]
